2019-07-23 22:07:18,317 [Worker-13] INFO  o.e.m.c.i.l.LifecycleMappingFactory - Using org.eclipse.m2e.jdt.JarLifecycleMapping lifecycle mapping for MavenProject: com.li.basicJava:basicJava:0.0.1-SNAPSHOT @ G:\workSpace\basic-java\basicJava\pom.xml.
2019-07-23 22:07:21,516 [Worker-13] INFO  o.e.m.j.i.AbstractJavaProjectConfigurator - Adding source folder /basicJava/src/main/java
2019-07-23 22:07:21,516 [Worker-13] INFO  o.e.m.j.i.AbstractJavaProjectConfigurator - Adding resource folder /basicJava/src/main/resources
2019-07-23 22:07:21,521 [Worker-13] INFO  o.e.m.j.i.AbstractJavaProjectConfigurator - Adding resource folder /basicJava/src/main/resources
2019-07-23 22:07:21,529 [Worker-13] INFO  o.e.m.j.i.AbstractJavaProjectConfigurator - Adding source folder /basicJava/src/test/java
2019-07-23 22:07:22,301 [Worker-13] INFO  o.e.m.c.i.p.ProjectConfigurationManager - Imported and configured 1 project(s) in 9 sec
2019-07-23 22:07:22,302 [Worker-13] INFO  o.e.m.c.i.p.ProjectConfigurationManager - Update started
2019-07-23 22:07:23,053 [Worker-13] INFO  o.e.m.c.i.l.LifecycleMappingFactory - Using org.eclipse.m2e.jdt.JarLifecycleMapping lifecycle mapping for MavenProject: com.li.basicJava:basicJava:0.0.1-SNAPSHOT @ G:\workSpace\basic-java\basicJava\pom.xml.
2019-07-23 22:07:24,227 [Worker-13] INFO  o.e.m.j.i.AbstractJavaProjectConfigurator - Adding source folder /basicJava/src/main/java
2019-07-23 22:07:24,228 [Worker-13] INFO  o.e.m.j.i.AbstractJavaProjectConfigurator - Adding resource folder /basicJava/src/main/resources
2019-07-23 22:07:24,229 [Worker-13] INFO  o.e.m.j.i.AbstractJavaProjectConfigurator - Adding resource folder /basicJava/src/main/resources
2019-07-23 22:07:24,232 [Worker-13] INFO  o.e.m.j.i.AbstractJavaProjectConfigurator - Adding source folder /basicJava/src/test/java
2019-07-23 22:07:24,422 [Worker-13] INFO  o.e.m.c.i.p.ProjectConfigurationManager - Update completed: 2 sec
2019-07-23 22:07:25,651 [Worker-13] INFO  o.e.m.c.i.embedder.EclipseLogger - Using 'UTF-8' encoding to copy filtered resources.
2019-07-23 22:07:25,669 [Worker-13] INFO  o.e.m.c.i.embedder.EclipseLogger - Copying 1 resource
2019-07-23 22:07:25,684 [Worker-13] INFO  o.e.m.c.i.embedder.EclipseLogger - Copying 0 resource
2019-07-23 22:07:25,686 [Worker-13] INFO  o.e.m.c.i.embedder.EclipseLogger - Using 'UTF-8' encoding to copy filtered resources.
2019-07-23 22:07:25,686 [Worker-13] INFO  o.e.m.c.i.embedder.EclipseLogger - skip non existing resourceDirectory G:\workSpace\basic-java\basicJava\src\test\resources
2019-07-23 22:12:03,323 [Worker-18] INFO  o.e.m.c.i.embedder.EclipseLogger - Using 'UTF-8' encoding to copy filtered resources.
2019-07-23 22:12:03,328 [Worker-18] INFO  o.e.m.c.i.embedder.EclipseLogger - Copying 1 resource
2019-07-23 22:12:03,329 [Worker-18] INFO  o.e.m.c.i.embedder.EclipseLogger - Copying 0 resource
2019-07-23 22:12:03,331 [Worker-18] INFO  o.e.m.c.i.embedder.EclipseLogger - Using 'UTF-8' encoding to copy filtered resources.
2019-07-23 22:12:03,332 [Worker-18] INFO  o.e.m.c.i.embedder.EclipseLogger - skip non existing resourceDirectory G:\workSpace\basic-java\basicJava\src\test\resources
2019-07-23 22:12:46,206 [Worker-18] INFO  o.e.m.c.i.embedder.EclipseLogger - Using 'UTF-8' encoding to copy filtered resources.
2019-07-23 22:12:46,206 [Worker-18] INFO  o.e.m.c.i.embedder.EclipseLogger - Copying 1 resource
2019-07-23 22:12:46,207 [Worker-18] INFO  o.e.m.c.i.embedder.EclipseLogger - Copying 0 resource
2019-07-23 22:12:46,208 [Worker-18] INFO  o.e.m.c.i.embedder.EclipseLogger - Using 'UTF-8' encoding to copy filtered resources.
2019-07-23 22:12:46,209 [Worker-18] INFO  o.e.m.c.i.embedder.EclipseLogger - skip non existing resourceDirectory G:\workSpace\basic-java\basicJava\src\test\resources
2019-07-23 22:13:34,184 [Worker-20] INFO  o.e.m.c.i.embedder.EclipseLogger - Using 'UTF-8' encoding to copy filtered resources.
2019-07-23 22:13:34,185 [Worker-20] INFO  o.e.m.c.i.embedder.EclipseLogger - Copying 1 resource
2019-07-23 22:13:34,186 [Worker-20] INFO  o.e.m.c.i.embedder.EclipseLogger - Copying 0 resource
2019-07-23 22:13:34,187 [Worker-20] INFO  o.e.m.c.i.embedder.EclipseLogger - Using 'UTF-8' encoding to copy filtered resources.
2019-07-23 22:13:34,188 [Worker-20] INFO  o.e.m.c.i.embedder.EclipseLogger - skip non existing resourceDirectory G:\workSpace\basic-java\basicJava\src\test\resources
2019-07-23 22:13:47,100 [Worker-23] WARN  o.e.r.models.ModelRepository - Failed to download org.eclipse.recommenders:index::zip:0.0.0
org.eclipse.aether.resolution.ArtifactResolutionException: Could not find artifact org.eclipse.recommenders:index:zip:0.0.0-SNAPSHOT in models (http://download.eclipse.org/recommenders/models/mars/)
	at org.eclipse.aether.internal.impl.DefaultArtifactResolver.resolve(DefaultArtifactResolver.java:444) ~[na:na]
	at org.eclipse.aether.internal.impl.DefaultArtifactResolver.resolveArtifacts(DefaultArtifactResolver.java:246) ~[na:na]
	at org.eclipse.aether.internal.impl.DefaultArtifactResolver.resolveArtifact(DefaultArtifactResolver.java:223) ~[na:na]
	at org.eclipse.aether.internal.impl.DefaultRepositorySystem.resolveArtifact(DefaultRepositorySystem.java:294) ~[na:na]
	at org.eclipse.recommenders.models.ModelRepository.resolveInternal(ModelRepository.java:192) [org.eclipse.recommenders.models_2.3.0.v20160216-1255.jar:na]
	at org.eclipse.recommenders.models.ModelRepository.resolve(ModelRepository.java:174) [org.eclipse.recommenders.models_2.3.0.v20160216-1255.jar:na]
	at org.eclipse.recommenders.internal.models.rcp.EclipseModelRepository.resolve(EclipseModelRepository.java:165) [org.eclipse.recommenders.models.rcp_2.3.0.v20160216-1255.jar:na]
	at org.eclipse.recommenders.internal.models.rcp.DownloadModelArchiveJob.run(DownloadModelArchiveJob.java:76) [org.eclipse.recommenders.models.rcp_2.3.0.v20160216-1255.jar:na]
	at org.eclipse.core.internal.jobs.Worker.run(Worker.java:55) [org.eclipse.core.jobs_3.7.0.v20150330-2103.jar:na]
Caused by: org.eclipse.aether.transfer.ArtifactNotFoundException: Could not find artifact org.eclipse.recommenders:index:zip:0.0.0-SNAPSHOT in models (http://download.eclipse.org/recommenders/models/mars/)
	at org.eclipse.aether.connector.basic.ArtifactTransportListener.transferFailed(ArtifactTransportListener.java:39) ~[org.eclipse.aether.connector.basic_1.0.1.v20141111.jar:na]
	at org.eclipse.aether.connector.basic.BasicRepositoryConnector$TaskRunner.run(BasicRepositoryConnector.java:355) ~[org.eclipse.aether.connector.basic_1.0.1.v20141111.jar:na]
	at org.eclipse.aether.util.concurrency.RunnableErrorForwarder$1.run(RunnableErrorForwarder.java:67) ~[na:na]
	at org.eclipse.aether.connector.basic.BasicRepositoryConnector$DirectExecutor.execute(BasicRepositoryConnector.java:581) ~[org.eclipse.aether.connector.basic_1.0.1.v20141111.jar:na]
	at org.eclipse.aether.connector.basic.BasicRepositoryConnector.get(BasicRepositoryConnector.java:249) ~[org.eclipse.aether.connector.basic_1.0.1.v20141111.jar:na]
	at org.eclipse.aether.internal.impl.DefaultArtifactResolver.performDownloads(DefaultArtifactResolver.java:520) ~[na:na]
	at org.eclipse.aether.internal.impl.DefaultArtifactResolver.resolve(DefaultArtifactResolver.java:421) ~[na:na]
	... 8 common frames omitted
2019-07-23 22:18:26,402 [Worker-22] INFO  o.e.m.c.i.embedder.EclipseLogger - Using 'UTF-8' encoding to copy filtered resources.
2019-07-23 22:18:26,403 [Worker-22] INFO  o.e.m.c.i.embedder.EclipseLogger - Copying 1 resource
2019-07-23 22:18:26,404 [Worker-22] INFO  o.e.m.c.i.embedder.EclipseLogger - Copying 0 resource
2019-07-23 22:18:26,405 [Worker-22] INFO  o.e.m.c.i.embedder.EclipseLogger - Using 'UTF-8' encoding to copy filtered resources.
2019-07-23 22:18:26,406 [Worker-22] INFO  o.e.m.c.i.embedder.EclipseLogger - skip non existing resourceDirectory G:\workSpace\basic-java\basicJava\src\test\resources
2019-07-23 22:18:59,912 [Worker-21] INFO  o.e.m.c.i.embedder.EclipseLogger - Using 'UTF-8' encoding to copy filtered resources.
2019-07-23 22:18:59,912 [Worker-21] INFO  o.e.m.c.i.embedder.EclipseLogger - Copying 1 resource
2019-07-23 22:18:59,914 [Worker-21] INFO  o.e.m.c.i.embedder.EclipseLogger - Copying 0 resource
2019-07-23 22:18:59,915 [Worker-21] INFO  o.e.m.c.i.embedder.EclipseLogger - Using 'UTF-8' encoding to copy filtered resources.
2019-07-23 22:18:59,915 [Worker-21] INFO  o.e.m.c.i.embedder.EclipseLogger - skip non existing resourceDirectory G:\workSpace\basic-java\basicJava\src\test\resources
2019-07-23 22:20:07,058 [Worker-22] INFO  o.e.m.c.i.embedder.EclipseLogger - Using 'UTF-8' encoding to copy filtered resources.
2019-07-23 22:20:07,059 [Worker-22] INFO  o.e.m.c.i.embedder.EclipseLogger - Copying 1 resource
2019-07-23 22:20:07,059 [Worker-22] INFO  o.e.m.c.i.embedder.EclipseLogger - Copying 0 resource
2019-07-23 22:20:07,061 [Worker-22] INFO  o.e.m.c.i.embedder.EclipseLogger - Using 'UTF-8' encoding to copy filtered resources.
2019-07-23 22:20:07,061 [Worker-22] INFO  o.e.m.c.i.embedder.EclipseLogger - skip non existing resourceDirectory G:\workSpace\basic-java\basicJava\src\test\resources
2019-07-23 22:21:59,736 [Worker-10] INFO  o.e.m.c.i.embedder.EclipseLogger - Using 'UTF-8' encoding to copy filtered resources.
2019-07-23 22:21:59,736 [Worker-10] INFO  o.e.m.c.i.embedder.EclipseLogger - Copying 1 resource
2019-07-23 22:21:59,737 [Worker-10] INFO  o.e.m.c.i.embedder.EclipseLogger - Copying 0 resource
2019-07-23 22:21:59,741 [Worker-10] INFO  o.e.m.c.i.embedder.EclipseLogger - Using 'UTF-8' encoding to copy filtered resources.
2019-07-23 22:21:59,741 [Worker-10] INFO  o.e.m.c.i.embedder.EclipseLogger - skip non existing resourceDirectory G:\workSpace\basic-java\basicJava\src\test\resources
2019-07-23 22:28:38,905 [Worker-10] INFO  o.e.m.c.i.embedder.EclipseLogger - Using 'UTF-8' encoding to copy filtered resources.
2019-07-23 22:28:38,905 [Worker-10] INFO  o.e.m.c.i.embedder.EclipseLogger - Copying 1 resource
2019-07-23 22:28:38,906 [Worker-10] INFO  o.e.m.c.i.embedder.EclipseLogger - Copying 0 resource
2019-07-23 22:28:38,908 [Worker-10] INFO  o.e.m.c.i.embedder.EclipseLogger - Using 'UTF-8' encoding to copy filtered resources.
2019-07-23 22:28:38,908 [Worker-10] INFO  o.e.m.c.i.embedder.EclipseLogger - skip non existing resourceDirectory G:\workSpace\basic-java\basicJava\src\test\resources
2019-07-23 22:29:35,206 [Worker-23] INFO  o.e.m.c.i.embedder.EclipseLogger - Using 'UTF-8' encoding to copy filtered resources.
2019-07-23 22:29:35,206 [Worker-23] INFO  o.e.m.c.i.embedder.EclipseLogger - Copying 1 resource
2019-07-23 22:29:35,207 [Worker-23] INFO  o.e.m.c.i.embedder.EclipseLogger - Copying 0 resource
2019-07-23 22:29:35,209 [Worker-23] INFO  o.e.m.c.i.embedder.EclipseLogger - Using 'UTF-8' encoding to copy filtered resources.
2019-07-23 22:29:35,209 [Worker-23] INFO  o.e.m.c.i.embedder.EclipseLogger - skip non existing resourceDirectory G:\workSpace\basic-java\basicJava\src\test\resources
2019-07-23 22:31:44,677 [Worker-24] INFO  o.e.m.c.i.embedder.EclipseLogger - Using 'UTF-8' encoding to copy filtered resources.
2019-07-23 22:31:44,677 [Worker-24] INFO  o.e.m.c.i.embedder.EclipseLogger - Copying 1 resource
2019-07-23 22:31:44,678 [Worker-24] INFO  o.e.m.c.i.embedder.EclipseLogger - Copying 0 resource
2019-07-23 22:31:44,680 [Worker-24] INFO  o.e.m.c.i.embedder.EclipseLogger - Using 'UTF-8' encoding to copy filtered resources.
2019-07-23 22:31:44,680 [Worker-24] INFO  o.e.m.c.i.embedder.EclipseLogger - skip non existing resourceDirectory G:\workSpace\basic-java\basicJava\src\test\resources
2019-07-23 22:32:41,236 [Worker-21] INFO  o.e.m.c.i.embedder.EclipseLogger - Using 'UTF-8' encoding to copy filtered resources.
2019-07-23 22:32:41,237 [Worker-21] INFO  o.e.m.c.i.embedder.EclipseLogger - Copying 1 resource
2019-07-23 22:32:41,238 [Worker-21] INFO  o.e.m.c.i.embedder.EclipseLogger - Copying 0 resource
2019-07-23 22:32:41,240 [Worker-21] INFO  o.e.m.c.i.embedder.EclipseLogger - Using 'UTF-8' encoding to copy filtered resources.
2019-07-23 22:32:41,240 [Worker-21] INFO  o.e.m.c.i.embedder.EclipseLogger - skip non existing resourceDirectory G:\workSpace\basic-java\basicJava\src\test\resources
2019-07-23 22:36:17,842 [Worker-21] INFO  o.e.m.c.i.embedder.EclipseLogger - Using 'UTF-8' encoding to copy filtered resources.
2019-07-23 22:36:17,843 [Worker-21] INFO  o.e.m.c.i.embedder.EclipseLogger - Copying 1 resource
2019-07-23 22:36:17,845 [Worker-21] INFO  o.e.m.c.i.embedder.EclipseLogger - Copying 0 resource
2019-07-23 22:36:17,847 [Worker-21] INFO  o.e.m.c.i.embedder.EclipseLogger - Using 'UTF-8' encoding to copy filtered resources.
2019-07-23 22:36:17,847 [Worker-21] INFO  o.e.m.c.i.embedder.EclipseLogger - skip non existing resourceDirectory G:\workSpace\basic-java\basicJava\src\test\resources
2019-07-23 22:37:19,395 [Worker-16] INFO  o.e.m.c.i.embedder.EclipseLogger - Using 'UTF-8' encoding to copy filtered resources.
2019-07-23 22:37:19,396 [Worker-16] INFO  o.e.m.c.i.embedder.EclipseLogger - Copying 1 resource
2019-07-23 22:37:19,397 [Worker-16] INFO  o.e.m.c.i.embedder.EclipseLogger - Copying 0 resource
2019-07-23 22:37:19,398 [Worker-16] INFO  o.e.m.c.i.embedder.EclipseLogger - Using 'UTF-8' encoding to copy filtered resources.
2019-07-23 22:37:19,399 [Worker-16] INFO  o.e.m.c.i.embedder.EclipseLogger - skip non existing resourceDirectory G:\workSpace\basic-java\basicJava\src\test\resources
2019-07-23 22:39:35,599 [Worker-22] INFO  o.e.m.c.i.embedder.EclipseLogger - Using 'UTF-8' encoding to copy filtered resources.
2019-07-23 22:39:35,600 [Worker-22] INFO  o.e.m.c.i.embedder.EclipseLogger - Copying 1 resource
2019-07-23 22:39:35,601 [Worker-22] INFO  o.e.m.c.i.embedder.EclipseLogger - Copying 0 resource
2019-07-23 22:39:35,603 [Worker-22] INFO  o.e.m.c.i.embedder.EclipseLogger - Using 'UTF-8' encoding to copy filtered resources.
2019-07-23 22:39:35,603 [Worker-22] INFO  o.e.m.c.i.embedder.EclipseLogger - skip non existing resourceDirectory G:\workSpace\basic-java\basicJava\src\test\resources
2019-07-23 22:48:29,046 [Worker-10] INFO  o.e.m.c.i.embedder.EclipseLogger - Using 'UTF-8' encoding to copy filtered resources.
2019-07-23 22:48:29,047 [Worker-10] INFO  o.e.m.c.i.embedder.EclipseLogger - Copying 1 resource
2019-07-23 22:48:29,047 [Worker-10] INFO  o.e.m.c.i.embedder.EclipseLogger - Copying 0 resource
2019-07-23 22:48:29,050 [Worker-10] INFO  o.e.m.c.i.embedder.EclipseLogger - Using 'UTF-8' encoding to copy filtered resources.
2019-07-23 22:48:29,050 [Worker-10] INFO  o.e.m.c.i.embedder.EclipseLogger - skip non existing resourceDirectory G:\workSpace\basic-java\basicJava\src\test\resources
2019-07-23 22:49:00,309 [Worker-16] INFO  o.e.m.c.i.embedder.EclipseLogger - Using 'UTF-8' encoding to copy filtered resources.
2019-07-23 22:49:00,310 [Worker-16] INFO  o.e.m.c.i.embedder.EclipseLogger - Copying 1 resource
2019-07-23 22:49:00,310 [Worker-16] INFO  o.e.m.c.i.embedder.EclipseLogger - Copying 0 resource
2019-07-23 22:49:00,311 [Worker-16] INFO  o.e.m.c.i.embedder.EclipseLogger - Using 'UTF-8' encoding to copy filtered resources.
2019-07-23 22:49:00,312 [Worker-16] INFO  o.e.m.c.i.embedder.EclipseLogger - skip non existing resourceDirectory G:\workSpace\basic-java\basicJava\src\test\resources
2019-07-23 22:49:03,035 [Worker-29] INFO  o.e.m.c.i.embedder.EclipseLogger - Using 'UTF-8' encoding to copy filtered resources.
2019-07-23 22:49:03,035 [Worker-29] INFO  o.e.m.c.i.embedder.EclipseLogger - Copying 1 resource
2019-07-23 22:49:03,036 [Worker-29] INFO  o.e.m.c.i.embedder.EclipseLogger - Copying 0 resource
2019-07-23 22:49:03,037 [Worker-29] INFO  o.e.m.c.i.embedder.EclipseLogger - Using 'UTF-8' encoding to copy filtered resources.
2019-07-23 22:49:03,037 [Worker-29] INFO  o.e.m.c.i.embedder.EclipseLogger - skip non existing resourceDirectory G:\workSpace\basic-java\basicJava\src\test\resources
2019-07-23 22:49:24,881 [Worker-28] INFO  o.e.m.c.i.embedder.EclipseLogger - Using 'UTF-8' encoding to copy filtered resources.
2019-07-23 22:49:24,882 [Worker-28] INFO  o.e.m.c.i.embedder.EclipseLogger - Copying 1 resource
2019-07-23 22:49:24,883 [Worker-28] INFO  o.e.m.c.i.embedder.EclipseLogger - Copying 0 resource
2019-07-23 22:49:24,884 [Worker-28] INFO  o.e.m.c.i.embedder.EclipseLogger - Using 'UTF-8' encoding to copy filtered resources.
2019-07-23 22:49:24,884 [Worker-28] INFO  o.e.m.c.i.embedder.EclipseLogger - skip non existing resourceDirectory G:\workSpace\basic-java\basicJava\src\test\resources
2019-07-23 22:51:20,864 [Worker-16] INFO  o.e.m.c.i.embedder.EclipseLogger - Using 'UTF-8' encoding to copy filtered resources.
2019-07-23 22:51:20,864 [Worker-16] INFO  o.e.m.c.i.embedder.EclipseLogger - Copying 1 resource
2019-07-23 22:51:20,865 [Worker-16] INFO  o.e.m.c.i.embedder.EclipseLogger - Copying 0 resource
2019-07-23 22:51:20,866 [Worker-16] INFO  o.e.m.c.i.embedder.EclipseLogger - Using 'UTF-8' encoding to copy filtered resources.
2019-07-23 22:51:20,866 [Worker-16] INFO  o.e.m.c.i.embedder.EclipseLogger - skip non existing resourceDirectory G:\workSpace\basic-java\basicJava\src\test\resources
2019-07-23 22:51:36,750 [Worker-30] INFO  o.e.m.c.i.embedder.EclipseLogger - Using 'UTF-8' encoding to copy filtered resources.
2019-07-23 22:51:36,751 [Worker-30] INFO  o.e.m.c.i.embedder.EclipseLogger - Copying 1 resource
2019-07-23 22:51:36,752 [Worker-30] INFO  o.e.m.c.i.embedder.EclipseLogger - Copying 0 resource
2019-07-23 22:51:36,753 [Worker-30] INFO  o.e.m.c.i.embedder.EclipseLogger - Using 'UTF-8' encoding to copy filtered resources.
2019-07-23 22:51:36,753 [Worker-30] INFO  o.e.m.c.i.embedder.EclipseLogger - skip non existing resourceDirectory G:\workSpace\basic-java\basicJava\src\test\resources
2019-07-23 22:53:22,137 [Worker-32] INFO  o.e.m.c.i.embedder.EclipseLogger - Using 'UTF-8' encoding to copy filtered resources.
2019-07-23 22:53:22,137 [Worker-32] INFO  o.e.m.c.i.embedder.EclipseLogger - Copying 1 resource
2019-07-23 22:53:22,138 [Worker-32] INFO  o.e.m.c.i.embedder.EclipseLogger - Copying 0 resource
2019-07-23 22:53:22,139 [Worker-32] INFO  o.e.m.c.i.embedder.EclipseLogger - Using 'UTF-8' encoding to copy filtered resources.
2019-07-23 22:53:22,140 [Worker-32] INFO  o.e.m.c.i.embedder.EclipseLogger - skip non existing resourceDirectory G:\workSpace\basic-java\basicJava\src\test\resources
2019-07-23 23:41:02,038 [Worker-49] INFO  o.e.m.c.i.embedder.EclipseLogger - Using 'UTF-8' encoding to copy filtered resources.
2019-07-23 23:41:02,039 [Worker-49] INFO  o.e.m.c.i.embedder.EclipseLogger - Copying 1 resource
2019-07-23 23:41:02,040 [Worker-49] INFO  o.e.m.c.i.embedder.EclipseLogger - Copying 0 resource
2019-07-23 23:41:02,041 [Worker-49] INFO  o.e.m.c.i.embedder.EclipseLogger - Using 'UTF-8' encoding to copy filtered resources.
2019-07-23 23:41:02,042 [Worker-49] INFO  o.e.m.c.i.embedder.EclipseLogger - skip non existing resourceDirectory G:\workSpace\basic-java\basicJava\src\test\resources
2019-07-23 23:41:13,306 [Worker-47] INFO  o.e.m.c.i.embedder.EclipseLogger - Using 'UTF-8' encoding to copy filtered resources.
2019-07-23 23:41:13,307 [Worker-47] INFO  o.e.m.c.i.embedder.EclipseLogger - Copying 1 resource
2019-07-23 23:41:13,308 [Worker-47] INFO  o.e.m.c.i.embedder.EclipseLogger - Copying 0 resource
2019-07-23 23:41:13,310 [Worker-47] INFO  o.e.m.c.i.embedder.EclipseLogger - Using 'UTF-8' encoding to copy filtered resources.
2019-07-23 23:41:13,310 [Worker-47] INFO  o.e.m.c.i.embedder.EclipseLogger - skip non existing resourceDirectory G:\workSpace\basic-java\basicJava\src\test\resources
2019-07-23 23:41:34,445 [Worker-47] INFO  o.e.m.c.i.embedder.EclipseLogger - Using 'UTF-8' encoding to copy filtered resources.
2019-07-23 23:41:34,445 [Worker-47] INFO  o.e.m.c.i.embedder.EclipseLogger - Copying 1 resource
2019-07-23 23:41:34,446 [Worker-47] INFO  o.e.m.c.i.embedder.EclipseLogger - Copying 0 resource
2019-07-23 23:41:34,447 [Worker-47] INFO  o.e.m.c.i.embedder.EclipseLogger - Using 'UTF-8' encoding to copy filtered resources.
2019-07-23 23:41:34,447 [Worker-47] INFO  o.e.m.c.i.embedder.EclipseLogger - skip non existing resourceDirectory G:\workSpace\basic-java\basicJava\src\test\resources
2019-07-23 23:41:48,996 [Worker-49] INFO  o.e.m.c.i.embedder.EclipseLogger - Using 'UTF-8' encoding to copy filtered resources.
2019-07-23 23:41:48,997 [Worker-49] INFO  o.e.m.c.i.embedder.EclipseLogger - Copying 1 resource
2019-07-23 23:41:48,998 [Worker-49] INFO  o.e.m.c.i.embedder.EclipseLogger - Copying 0 resource
2019-07-23 23:41:48,999 [Worker-49] INFO  o.e.m.c.i.embedder.EclipseLogger - Using 'UTF-8' encoding to copy filtered resources.
2019-07-23 23:41:48,999 [Worker-49] INFO  o.e.m.c.i.embedder.EclipseLogger - skip non existing resourceDirectory G:\workSpace\basic-java\basicJava\src\test\resources
2019-07-23 23:41:52,442 [Worker-47] INFO  o.e.m.c.i.embedder.EclipseLogger - Using 'UTF-8' encoding to copy filtered resources.
2019-07-23 23:41:52,442 [Worker-47] INFO  o.e.m.c.i.embedder.EclipseLogger - Copying 1 resource
2019-07-23 23:41:52,443 [Worker-47] INFO  o.e.m.c.i.embedder.EclipseLogger - Copying 0 resource
2019-07-23 23:41:52,444 [Worker-47] INFO  o.e.m.c.i.embedder.EclipseLogger - Using 'UTF-8' encoding to copy filtered resources.
2019-07-23 23:41:52,444 [Worker-47] INFO  o.e.m.c.i.embedder.EclipseLogger - skip non existing resourceDirectory G:\workSpace\basic-java\basicJava\src\test\resources
2019-07-23 23:42:34,825 [Worker-32] INFO  o.e.m.c.i.embedder.EclipseLogger - Using 'UTF-8' encoding to copy filtered resources.
2019-07-23 23:42:34,826 [Worker-32] INFO  o.e.m.c.i.embedder.EclipseLogger - Copying 1 resource
2019-07-23 23:42:34,827 [Worker-32] INFO  o.e.m.c.i.embedder.EclipseLogger - Copying 0 resource
2019-07-23 23:42:34,828 [Worker-32] INFO  o.e.m.c.i.embedder.EclipseLogger - Using 'UTF-8' encoding to copy filtered resources.
2019-07-23 23:42:34,828 [Worker-32] INFO  o.e.m.c.i.embedder.EclipseLogger - skip non existing resourceDirectory G:\workSpace\basic-java\basicJava\src\test\resources
2019-07-23 23:44:24,501 [Worker-48] INFO  o.e.m.c.i.embedder.EclipseLogger - Using 'UTF-8' encoding to copy filtered resources.
2019-07-23 23:44:24,502 [Worker-48] INFO  o.e.m.c.i.embedder.EclipseLogger - Copying 1 resource
2019-07-23 23:44:24,503 [Worker-48] INFO  o.e.m.c.i.embedder.EclipseLogger - Copying 0 resource
2019-07-23 23:44:24,504 [Worker-48] INFO  o.e.m.c.i.embedder.EclipseLogger - Using 'UTF-8' encoding to copy filtered resources.
2019-07-23 23:44:24,504 [Worker-48] INFO  o.e.m.c.i.embedder.EclipseLogger - skip non existing resourceDirectory G:\workSpace\basic-java\basicJava\src\test\resources
2019-07-23 23:44:27,632 [Worker-45] INFO  o.e.m.c.i.embedder.EclipseLogger - Using 'UTF-8' encoding to copy filtered resources.
2019-07-23 23:44:27,633 [Worker-45] INFO  o.e.m.c.i.embedder.EclipseLogger - Copying 1 resource
2019-07-23 23:44:27,635 [Worker-45] INFO  o.e.m.c.i.embedder.EclipseLogger - Copying 0 resource
2019-07-23 23:44:27,641 [Worker-45] INFO  o.e.m.c.i.embedder.EclipseLogger - Using 'UTF-8' encoding to copy filtered resources.
2019-07-23 23:44:27,641 [Worker-45] INFO  o.e.m.c.i.embedder.EclipseLogger - skip non existing resourceDirectory G:\workSpace\basic-java\basicJava\src\test\resources
2019-07-23 23:45:15,416 [Worker-48] INFO  o.e.m.c.i.embedder.EclipseLogger - Using 'UTF-8' encoding to copy filtered resources.
2019-07-23 23:45:15,417 [Worker-48] INFO  o.e.m.c.i.embedder.EclipseLogger - Copying 1 resource
2019-07-23 23:45:15,418 [Worker-48] INFO  o.e.m.c.i.embedder.EclipseLogger - Copying 0 resource
2019-07-23 23:45:15,419 [Worker-48] INFO  o.e.m.c.i.embedder.EclipseLogger - Using 'UTF-8' encoding to copy filtered resources.
2019-07-23 23:45:15,419 [Worker-48] INFO  o.e.m.c.i.embedder.EclipseLogger - skip non existing resourceDirectory G:\workSpace\basic-java\basicJava\src\test\resources
2019-07-23 23:45:17,946 [Worker-32] INFO  o.e.m.c.i.embedder.EclipseLogger - Using 'UTF-8' encoding to copy filtered resources.
2019-07-23 23:45:17,947 [Worker-32] INFO  o.e.m.c.i.embedder.EclipseLogger - Copying 1 resource
2019-07-23 23:45:17,949 [Worker-32] INFO  o.e.m.c.i.embedder.EclipseLogger - Copying 0 resource
2019-07-23 23:45:17,952 [Worker-32] INFO  o.e.m.c.i.embedder.EclipseLogger - Using 'UTF-8' encoding to copy filtered resources.
2019-07-23 23:45:17,952 [Worker-32] INFO  o.e.m.c.i.embedder.EclipseLogger - skip non existing resourceDirectory G:\workSpace\basic-java\basicJava\src\test\resources
2019-07-23 23:45:20,861 [Worker-49] INFO  o.e.m.c.i.embedder.EclipseLogger - Using 'UTF-8' encoding to copy filtered resources.
2019-07-23 23:45:20,862 [Worker-49] INFO  o.e.m.c.i.embedder.EclipseLogger - Copying 1 resource
2019-07-23 23:45:20,863 [Worker-49] INFO  o.e.m.c.i.embedder.EclipseLogger - Copying 0 resource
2019-07-23 23:45:20,864 [Worker-49] INFO  o.e.m.c.i.embedder.EclipseLogger - Using 'UTF-8' encoding to copy filtered resources.
2019-07-23 23:45:20,864 [Worker-49] INFO  o.e.m.c.i.embedder.EclipseLogger - skip non existing resourceDirectory G:\workSpace\basic-java\basicJava\src\test\resources
2019-07-23 23:45:27,335 [Worker-39] INFO  o.e.m.c.i.embedder.EclipseLogger - Using 'UTF-8' encoding to copy filtered resources.
2019-07-23 23:45:27,335 [Worker-39] INFO  o.e.m.c.i.embedder.EclipseLogger - Copying 1 resource
2019-07-23 23:45:27,336 [Worker-39] INFO  o.e.m.c.i.embedder.EclipseLogger - Copying 0 resource
2019-07-23 23:45:27,337 [Worker-39] INFO  o.e.m.c.i.embedder.EclipseLogger - Using 'UTF-8' encoding to copy filtered resources.
2019-07-23 23:45:27,337 [Worker-39] INFO  o.e.m.c.i.embedder.EclipseLogger - skip non existing resourceDirectory G:\workSpace\basic-java\basicJava\src\test\resources
2019-07-23 23:45:39,780 [Worker-47] INFO  o.e.m.c.i.embedder.EclipseLogger - Using 'UTF-8' encoding to copy filtered resources.
2019-07-23 23:45:39,780 [Worker-47] INFO  o.e.m.c.i.embedder.EclipseLogger - Copying 1 resource
2019-07-23 23:45:39,781 [Worker-47] INFO  o.e.m.c.i.embedder.EclipseLogger - Copying 0 resource
2019-07-23 23:45:39,782 [Worker-47] INFO  o.e.m.c.i.embedder.EclipseLogger - Using 'UTF-8' encoding to copy filtered resources.
2019-07-23 23:45:39,782 [Worker-47] INFO  o.e.m.c.i.embedder.EclipseLogger - skip non existing resourceDirectory G:\workSpace\basic-java\basicJava\src\test\resources
2019-07-23 23:45:53,576 [Worker-50] INFO  o.e.m.c.i.embedder.EclipseLogger - Using 'UTF-8' encoding to copy filtered resources.
2019-07-23 23:45:53,576 [Worker-50] INFO  o.e.m.c.i.embedder.EclipseLogger - Copying 1 resource
2019-07-23 23:45:53,577 [Worker-50] INFO  o.e.m.c.i.embedder.EclipseLogger - Copying 0 resource
2019-07-23 23:45:53,578 [Worker-50] INFO  o.e.m.c.i.embedder.EclipseLogger - Using 'UTF-8' encoding to copy filtered resources.
2019-07-23 23:45:53,578 [Worker-50] INFO  o.e.m.c.i.embedder.EclipseLogger - skip non existing resourceDirectory G:\workSpace\basic-java\basicJava\src\test\resources
2019-07-23 23:45:57,898 [Worker-47] INFO  o.e.m.c.i.embedder.EclipseLogger - Using 'UTF-8' encoding to copy filtered resources.
2019-07-23 23:45:57,898 [Worker-47] INFO  o.e.m.c.i.embedder.EclipseLogger - Copying 1 resource
2019-07-23 23:45:57,899 [Worker-47] INFO  o.e.m.c.i.embedder.EclipseLogger - Copying 0 resource
2019-07-23 23:45:57,900 [Worker-47] INFO  o.e.m.c.i.embedder.EclipseLogger - Using 'UTF-8' encoding to copy filtered resources.
2019-07-23 23:45:57,900 [Worker-47] INFO  o.e.m.c.i.embedder.EclipseLogger - skip non existing resourceDirectory G:\workSpace\basic-java\basicJava\src\test\resources
2019-07-23 23:46:13,359 [Worker-52] INFO  o.e.m.c.i.embedder.EclipseLogger - Using 'UTF-8' encoding to copy filtered resources.
2019-07-23 23:46:13,359 [Worker-52] INFO  o.e.m.c.i.embedder.EclipseLogger - Copying 1 resource
2019-07-23 23:46:13,360 [Worker-52] INFO  o.e.m.c.i.embedder.EclipseLogger - Copying 0 resource
2019-07-23 23:46:13,362 [Worker-52] INFO  o.e.m.c.i.embedder.EclipseLogger - Using 'UTF-8' encoding to copy filtered resources.
2019-07-23 23:46:13,362 [Worker-52] INFO  o.e.m.c.i.embedder.EclipseLogger - skip non existing resourceDirectory G:\workSpace\basic-java\basicJava\src\test\resources
2019-07-23 23:47:30,828 [Worker-45] INFO  o.e.m.c.i.embedder.EclipseLogger - Using 'UTF-8' encoding to copy filtered resources.
2019-07-23 23:47:30,829 [Worker-45] INFO  o.e.m.c.i.embedder.EclipseLogger - Copying 1 resource
2019-07-23 23:47:30,830 [Worker-45] INFO  o.e.m.c.i.embedder.EclipseLogger - Copying 0 resource
2019-07-23 23:47:30,832 [Worker-45] INFO  o.e.m.c.i.embedder.EclipseLogger - Using 'UTF-8' encoding to copy filtered resources.
2019-07-23 23:47:30,832 [Worker-45] INFO  o.e.m.c.i.embedder.EclipseLogger - skip non existing resourceDirectory G:\workSpace\basic-java\basicJava\src\test\resources
2019-07-23 23:48:30,998 [Worker-49] INFO  o.e.m.c.i.embedder.EclipseLogger - Using 'UTF-8' encoding to copy filtered resources.
2019-07-23 23:48:30,998 [Worker-49] INFO  o.e.m.c.i.embedder.EclipseLogger - Copying 1 resource
2019-07-23 23:48:30,999 [Worker-49] INFO  o.e.m.c.i.embedder.EclipseLogger - Copying 0 resource
2019-07-23 23:48:31,000 [Worker-49] INFO  o.e.m.c.i.embedder.EclipseLogger - Using 'UTF-8' encoding to copy filtered resources.
2019-07-23 23:48:31,000 [Worker-49] INFO  o.e.m.c.i.embedder.EclipseLogger - skip non existing resourceDirectory G:\workSpace\basic-java\basicJava\src\test\resources
2019-07-23 23:48:39,699 [Worker-48] INFO  o.e.m.c.i.embedder.EclipseLogger - Using 'UTF-8' encoding to copy filtered resources.
2019-07-23 23:48:39,699 [Worker-48] INFO  o.e.m.c.i.embedder.EclipseLogger - Copying 1 resource
2019-07-23 23:48:39,700 [Worker-48] INFO  o.e.m.c.i.embedder.EclipseLogger - Copying 0 resource
2019-07-23 23:48:39,701 [Worker-48] INFO  o.e.m.c.i.embedder.EclipseLogger - Using 'UTF-8' encoding to copy filtered resources.
2019-07-23 23:48:39,701 [Worker-48] INFO  o.e.m.c.i.embedder.EclipseLogger - skip non existing resourceDirectory G:\workSpace\basic-java\basicJava\src\test\resources
2019-07-23 23:48:54,125 [Worker-54] INFO  o.e.m.c.i.embedder.EclipseLogger - Using 'UTF-8' encoding to copy filtered resources.
2019-07-23 23:48:54,126 [Worker-54] INFO  o.e.m.c.i.embedder.EclipseLogger - Copying 1 resource
2019-07-23 23:48:54,127 [Worker-54] INFO  o.e.m.c.i.embedder.EclipseLogger - Copying 0 resource
2019-07-23 23:48:54,128 [Worker-54] INFO  o.e.m.c.i.embedder.EclipseLogger - Using 'UTF-8' encoding to copy filtered resources.
2019-07-23 23:48:54,128 [Worker-54] INFO  o.e.m.c.i.embedder.EclipseLogger - skip non existing resourceDirectory G:\workSpace\basic-java\basicJava\src\test\resources
2019-07-23 23:48:57,855 [Worker-54] INFO  o.e.m.c.i.embedder.EclipseLogger - Using 'UTF-8' encoding to copy filtered resources.
2019-07-23 23:48:57,855 [Worker-54] INFO  o.e.m.c.i.embedder.EclipseLogger - Copying 1 resource
2019-07-23 23:48:57,856 [Worker-54] INFO  o.e.m.c.i.embedder.EclipseLogger - Copying 0 resource
2019-07-23 23:48:57,857 [Worker-54] INFO  o.e.m.c.i.embedder.EclipseLogger - Using 'UTF-8' encoding to copy filtered resources.
2019-07-23 23:48:57,857 [Worker-54] INFO  o.e.m.c.i.embedder.EclipseLogger - skip non existing resourceDirectory G:\workSpace\basic-java\basicJava\src\test\resources
2019-07-23 23:50:22,166 [Worker-39] INFO  o.e.m.c.i.embedder.EclipseLogger - Using 'UTF-8' encoding to copy filtered resources.
2019-07-23 23:50:22,166 [Worker-39] INFO  o.e.m.c.i.embedder.EclipseLogger - Copying 1 resource
2019-07-23 23:50:22,167 [Worker-39] INFO  o.e.m.c.i.embedder.EclipseLogger - Copying 0 resource
2019-07-23 23:50:22,168 [Worker-39] INFO  o.e.m.c.i.embedder.EclipseLogger - Using 'UTF-8' encoding to copy filtered resources.
2019-07-23 23:50:22,168 [Worker-39] INFO  o.e.m.c.i.embedder.EclipseLogger - skip non existing resourceDirectory G:\workSpace\basic-java\basicJava\src\test\resources
2019-07-23 23:50:31,598 [Worker-47] INFO  o.e.m.c.i.embedder.EclipseLogger - Using 'UTF-8' encoding to copy filtered resources.
2019-07-23 23:50:31,599 [Worker-47] INFO  o.e.m.c.i.embedder.EclipseLogger - Copying 1 resource
2019-07-23 23:50:31,600 [Worker-47] INFO  o.e.m.c.i.embedder.EclipseLogger - Copying 0 resource
2019-07-23 23:50:31,601 [Worker-47] INFO  o.e.m.c.i.embedder.EclipseLogger - Using 'UTF-8' encoding to copy filtered resources.
2019-07-23 23:50:31,601 [Worker-47] INFO  o.e.m.c.i.embedder.EclipseLogger - skip non existing resourceDirectory G:\workSpace\basic-java\basicJava\src\test\resources
2019-07-23 23:50:43,216 [Worker-48] INFO  o.e.m.c.i.embedder.EclipseLogger - Using 'UTF-8' encoding to copy filtered resources.
2019-07-23 23:50:43,217 [Worker-48] INFO  o.e.m.c.i.embedder.EclipseLogger - Copying 1 resource
2019-07-23 23:50:43,218 [Worker-48] INFO  o.e.m.c.i.embedder.EclipseLogger - Copying 0 resource
2019-07-23 23:50:43,219 [Worker-48] INFO  o.e.m.c.i.embedder.EclipseLogger - Using 'UTF-8' encoding to copy filtered resources.
2019-07-23 23:50:43,219 [Worker-48] INFO  o.e.m.c.i.embedder.EclipseLogger - skip non existing resourceDirectory G:\workSpace\basic-java\basicJava\src\test\resources
2019-07-23 23:52:48,530 [Worker-47] INFO  o.e.m.c.i.embedder.EclipseLogger - Using 'UTF-8' encoding to copy filtered resources.
2019-07-23 23:52:48,531 [Worker-47] INFO  o.e.m.c.i.embedder.EclipseLogger - Copying 1 resource
2019-07-23 23:52:48,531 [Worker-47] INFO  o.e.m.c.i.embedder.EclipseLogger - Copying 0 resource
2019-07-23 23:52:48,533 [Worker-47] INFO  o.e.m.c.i.embedder.EclipseLogger - Using 'UTF-8' encoding to copy filtered resources.
2019-07-23 23:52:48,533 [Worker-47] INFO  o.e.m.c.i.embedder.EclipseLogger - skip non existing resourceDirectory G:\workSpace\basic-java\basicJava\src\test\resources
2019-07-23 23:52:56,217 [Worker-55] INFO  o.e.m.c.i.embedder.EclipseLogger - Using 'UTF-8' encoding to copy filtered resources.
2019-07-23 23:52:56,217 [Worker-55] INFO  o.e.m.c.i.embedder.EclipseLogger - Copying 1 resource
2019-07-23 23:52:56,219 [Worker-55] INFO  o.e.m.c.i.embedder.EclipseLogger - Copying 0 resource
2019-07-23 23:52:56,220 [Worker-55] INFO  o.e.m.c.i.embedder.EclipseLogger - Using 'UTF-8' encoding to copy filtered resources.
2019-07-23 23:52:56,220 [Worker-55] INFO  o.e.m.c.i.embedder.EclipseLogger - skip non existing resourceDirectory G:\workSpace\basic-java\basicJava\src\test\resources
2019-07-23 23:53:27,947 [Worker-45] INFO  o.e.m.c.i.embedder.EclipseLogger - Using 'UTF-8' encoding to copy filtered resources.
2019-07-23 23:53:27,948 [Worker-45] INFO  o.e.m.c.i.embedder.EclipseLogger - Copying 1 resource
2019-07-23 23:53:27,949 [Worker-45] INFO  o.e.m.c.i.embedder.EclipseLogger - Copying 0 resource
2019-07-23 23:53:27,951 [Worker-45] INFO  o.e.m.c.i.embedder.EclipseLogger - Using 'UTF-8' encoding to copy filtered resources.
2019-07-23 23:53:27,951 [Worker-45] INFO  o.e.m.c.i.embedder.EclipseLogger - skip non existing resourceDirectory G:\workSpace\basic-java\basicJava\src\test\resources
2019-07-23 23:53:34,330 [Worker-55] INFO  o.e.m.c.i.embedder.EclipseLogger - Using 'UTF-8' encoding to copy filtered resources.
2019-07-23 23:53:34,331 [Worker-55] INFO  o.e.m.c.i.embedder.EclipseLogger - Copying 1 resource
2019-07-23 23:53:34,331 [Worker-55] INFO  o.e.m.c.i.embedder.EclipseLogger - Copying 0 resource
2019-07-23 23:53:34,333 [Worker-55] INFO  o.e.m.c.i.embedder.EclipseLogger - Using 'UTF-8' encoding to copy filtered resources.
2019-07-23 23:53:34,333 [Worker-55] INFO  o.e.m.c.i.embedder.EclipseLogger - skip non existing resourceDirectory G:\workSpace\basic-java\basicJava\src\test\resources
2019-07-23 23:53:37,164 [Worker-45] INFO  o.e.m.c.i.embedder.EclipseLogger - Using 'UTF-8' encoding to copy filtered resources.
2019-07-23 23:53:37,164 [Worker-45] INFO  o.e.m.c.i.embedder.EclipseLogger - Copying 1 resource
2019-07-23 23:53:37,165 [Worker-45] INFO  o.e.m.c.i.embedder.EclipseLogger - Copying 0 resource
2019-07-23 23:53:37,166 [Worker-45] INFO  o.e.m.c.i.embedder.EclipseLogger - Using 'UTF-8' encoding to copy filtered resources.
2019-07-23 23:53:37,166 [Worker-45] INFO  o.e.m.c.i.embedder.EclipseLogger - skip non existing resourceDirectory G:\workSpace\basic-java\basicJava\src\test\resources
2019-07-23 23:59:11,114 [Worker-47] INFO  o.e.m.c.i.embedder.EclipseLogger - Using 'UTF-8' encoding to copy filtered resources.
2019-07-23 23:59:11,114 [Worker-47] INFO  o.e.m.c.i.embedder.EclipseLogger - Copying 1 resource
2019-07-23 23:59:11,115 [Worker-47] INFO  o.e.m.c.i.embedder.EclipseLogger - Copying 0 resource
2019-07-23 23:59:11,116 [Worker-47] INFO  o.e.m.c.i.embedder.EclipseLogger - Using 'UTF-8' encoding to copy filtered resources.
2019-07-23 23:59:11,116 [Worker-47] INFO  o.e.m.c.i.embedder.EclipseLogger - skip non existing resourceDirectory G:\workSpace\basic-java\basicJava\src\test\resources
2019-07-23 23:59:16,070 [Worker-62] INFO  o.e.m.c.i.embedder.EclipseLogger - Using 'UTF-8' encoding to copy filtered resources.
2019-07-23 23:59:16,071 [Worker-62] INFO  o.e.m.c.i.embedder.EclipseLogger - Copying 1 resource
2019-07-23 23:59:16,072 [Worker-62] INFO  o.e.m.c.i.embedder.EclipseLogger - Copying 0 resource
2019-07-23 23:59:16,072 [Worker-62] INFO  o.e.m.c.i.embedder.EclipseLogger - Using 'UTF-8' encoding to copy filtered resources.
2019-07-23 23:59:16,073 [Worker-62] INFO  o.e.m.c.i.embedder.EclipseLogger - skip non existing resourceDirectory G:\workSpace\basic-java\basicJava\src\test\resources
2019-07-23 23:59:39,662 [Worker-64] INFO  o.e.m.c.i.embedder.EclipseLogger - Using 'UTF-8' encoding to copy filtered resources.
2019-07-23 23:59:39,662 [Worker-64] INFO  o.e.m.c.i.embedder.EclipseLogger - Copying 1 resource
2019-07-23 23:59:39,663 [Worker-64] INFO  o.e.m.c.i.embedder.EclipseLogger - Copying 0 resource
2019-07-23 23:59:39,664 [Worker-64] INFO  o.e.m.c.i.embedder.EclipseLogger - Using 'UTF-8' encoding to copy filtered resources.
2019-07-23 23:59:39,664 [Worker-64] INFO  o.e.m.c.i.embedder.EclipseLogger - skip non existing resourceDirectory G:\workSpace\basic-java\basicJava\src\test\resources
2019-07-24 00:02:04,129 [Worker-47] INFO  o.e.m.c.i.embedder.EclipseLogger - Using 'UTF-8' encoding to copy filtered resources.
2019-07-24 00:02:04,129 [Worker-47] INFO  o.e.m.c.i.embedder.EclipseLogger - Copying 1 resource
2019-07-24 00:02:04,130 [Worker-47] INFO  o.e.m.c.i.embedder.EclipseLogger - Copying 0 resource
2019-07-24 00:02:04,131 [Worker-47] INFO  o.e.m.c.i.embedder.EclipseLogger - Using 'UTF-8' encoding to copy filtered resources.
2019-07-24 00:02:04,131 [Worker-47] INFO  o.e.m.c.i.embedder.EclipseLogger - skip non existing resourceDirectory G:\workSpace\basic-java\basicJava\src\test\resources
2019-07-24 00:02:23,156 [Worker-57] INFO  o.e.m.c.i.embedder.EclipseLogger - Using 'UTF-8' encoding to copy filtered resources.
2019-07-24 00:02:23,156 [Worker-57] INFO  o.e.m.c.i.embedder.EclipseLogger - Copying 1 resource
2019-07-24 00:02:23,157 [Worker-57] INFO  o.e.m.c.i.embedder.EclipseLogger - Copying 0 resource
2019-07-24 00:02:23,158 [Worker-57] INFO  o.e.m.c.i.embedder.EclipseLogger - Using 'UTF-8' encoding to copy filtered resources.
2019-07-24 00:02:23,158 [Worker-57] INFO  o.e.m.c.i.embedder.EclipseLogger - skip non existing resourceDirectory G:\workSpace\basic-java\basicJava\src\test\resources
2019-07-24 00:02:52,090 [Worker-67] INFO  o.e.m.c.i.embedder.EclipseLogger - Using 'UTF-8' encoding to copy filtered resources.
2019-07-24 00:02:52,090 [Worker-67] INFO  o.e.m.c.i.embedder.EclipseLogger - Copying 1 resource
2019-07-24 00:02:52,091 [Worker-67] INFO  o.e.m.c.i.embedder.EclipseLogger - Copying 0 resource
2019-07-24 00:02:52,092 [Worker-67] INFO  o.e.m.c.i.embedder.EclipseLogger - Using 'UTF-8' encoding to copy filtered resources.
2019-07-24 00:02:52,092 [Worker-67] INFO  o.e.m.c.i.embedder.EclipseLogger - skip non existing resourceDirectory G:\workSpace\basic-java\basicJava\src\test\resources
2019-07-24 00:03:14,701 [Worker-63] INFO  o.e.m.c.i.embedder.EclipseLogger - Using 'UTF-8' encoding to copy filtered resources.
2019-07-24 00:03:14,702 [Worker-63] INFO  o.e.m.c.i.embedder.EclipseLogger - Copying 1 resource
2019-07-24 00:03:14,703 [Worker-63] INFO  o.e.m.c.i.embedder.EclipseLogger - Copying 0 resource
2019-07-24 00:03:14,704 [Worker-63] INFO  o.e.m.c.i.embedder.EclipseLogger - Using 'UTF-8' encoding to copy filtered resources.
2019-07-24 00:03:14,704 [Worker-63] INFO  o.e.m.c.i.embedder.EclipseLogger - skip non existing resourceDirectory G:\workSpace\basic-java\basicJava\src\test\resources
2019-07-24 00:03:55,824 [Worker-47] INFO  o.e.m.c.i.embedder.EclipseLogger - Using 'UTF-8' encoding to copy filtered resources.
2019-07-24 00:03:55,825 [Worker-47] INFO  o.e.m.c.i.embedder.EclipseLogger - Copying 1 resource
2019-07-24 00:03:55,826 [Worker-47] INFO  o.e.m.c.i.embedder.EclipseLogger - Copying 0 resource
2019-07-24 00:03:55,827 [Worker-47] INFO  o.e.m.c.i.embedder.EclipseLogger - Using 'UTF-8' encoding to copy filtered resources.
2019-07-24 00:03:55,827 [Worker-47] INFO  o.e.m.c.i.embedder.EclipseLogger - skip non existing resourceDirectory G:\workSpace\basic-java\basicJava\src\test\resources
2019-07-24 00:04:42,869 [Worker-57] INFO  o.e.m.c.i.embedder.EclipseLogger - Using 'UTF-8' encoding to copy filtered resources.
2019-07-24 00:04:42,869 [Worker-57] INFO  o.e.m.c.i.embedder.EclipseLogger - Copying 1 resource
2019-07-24 00:04:42,870 [Worker-57] INFO  o.e.m.c.i.embedder.EclipseLogger - Copying 0 resource
2019-07-24 00:04:42,871 [Worker-57] INFO  o.e.m.c.i.embedder.EclipseLogger - Using 'UTF-8' encoding to copy filtered resources.
2019-07-24 00:04:42,871 [Worker-57] INFO  o.e.m.c.i.embedder.EclipseLogger - skip non existing resourceDirectory G:\workSpace\basic-java\basicJava\src\test\resources
2019-07-24 21:31:51,938 [Worker-711] INFO  o.e.m.c.i.embedder.EclipseLogger - Using 'UTF-8' encoding to copy filtered resources.
2019-07-24 21:31:51,939 [Worker-711] INFO  o.e.m.c.i.embedder.EclipseLogger - Copying 1 resource
2019-07-24 21:31:51,940 [Worker-711] INFO  o.e.m.c.i.embedder.EclipseLogger - Copying 0 resource
2019-07-24 21:31:51,941 [Worker-711] INFO  o.e.m.c.i.embedder.EclipseLogger - Using 'UTF-8' encoding to copy filtered resources.
2019-07-24 21:31:51,941 [Worker-711] INFO  o.e.m.c.i.embedder.EclipseLogger - skip non existing resourceDirectory G:\workSpace\basic-java\basicJava\src\test\resources
2019-07-24 21:32:06,191 [Worker-709] INFO  o.e.m.c.i.embedder.EclipseLogger - Using 'UTF-8' encoding to copy filtered resources.
2019-07-24 21:32:06,192 [Worker-709] INFO  o.e.m.c.i.embedder.EclipseLogger - Copying 1 resource
2019-07-24 21:32:06,193 [Worker-709] INFO  o.e.m.c.i.embedder.EclipseLogger - Copying 0 resource
2019-07-24 21:32:06,194 [Worker-709] INFO  o.e.m.c.i.embedder.EclipseLogger - Using 'UTF-8' encoding to copy filtered resources.
2019-07-24 21:32:06,194 [Worker-709] INFO  o.e.m.c.i.embedder.EclipseLogger - skip non existing resourceDirectory G:\workSpace\basic-java\basicJava\src\test\resources
2019-07-24 21:38:22,181 [Worker-710] INFO  o.e.m.c.i.embedder.EclipseLogger - Using 'UTF-8' encoding to copy filtered resources.
2019-07-24 21:38:22,182 [Worker-710] INFO  o.e.m.c.i.embedder.EclipseLogger - Copying 1 resource
2019-07-24 21:38:22,183 [Worker-710] INFO  o.e.m.c.i.embedder.EclipseLogger - Copying 0 resource
2019-07-24 21:38:22,184 [Worker-710] INFO  o.e.m.c.i.embedder.EclipseLogger - Using 'UTF-8' encoding to copy filtered resources.
2019-07-24 21:38:22,184 [Worker-710] INFO  o.e.m.c.i.embedder.EclipseLogger - skip non existing resourceDirectory G:\workSpace\basic-java\basicJava\src\test\resources
2019-07-24 21:45:14,553 [Worker-710] INFO  o.e.m.c.i.embedder.EclipseLogger - Using 'UTF-8' encoding to copy filtered resources.
2019-07-24 21:45:14,554 [Worker-710] INFO  o.e.m.c.i.embedder.EclipseLogger - Copying 1 resource
2019-07-24 21:45:14,554 [Worker-710] INFO  o.e.m.c.i.embedder.EclipseLogger - Copying 0 resource
2019-07-24 21:45:14,556 [Worker-710] INFO  o.e.m.c.i.embedder.EclipseLogger - Using 'UTF-8' encoding to copy filtered resources.
2019-07-24 21:45:14,556 [Worker-710] INFO  o.e.m.c.i.embedder.EclipseLogger - skip non existing resourceDirectory G:\workSpace\basic-java\basicJava\src\test\resources
2019-07-24 21:45:35,142 [Worker-710] INFO  o.e.m.c.i.embedder.EclipseLogger - Using 'UTF-8' encoding to copy filtered resources.
2019-07-24 21:45:35,143 [Worker-710] INFO  o.e.m.c.i.embedder.EclipseLogger - Copying 1 resource
2019-07-24 21:45:35,145 [Worker-710] INFO  o.e.m.c.i.embedder.EclipseLogger - Copying 0 resource
2019-07-24 21:45:35,146 [Worker-710] INFO  o.e.m.c.i.embedder.EclipseLogger - Using 'UTF-8' encoding to copy filtered resources.
2019-07-24 21:45:35,147 [Worker-710] INFO  o.e.m.c.i.embedder.EclipseLogger - skip non existing resourceDirectory G:\workSpace\basic-java\basicJava\src\test\resources
2019-07-24 21:45:57,220 [Worker-710] INFO  o.e.m.c.i.embedder.EclipseLogger - Using 'UTF-8' encoding to copy filtered resources.
2019-07-24 21:45:57,220 [Worker-710] INFO  o.e.m.c.i.embedder.EclipseLogger - Copying 1 resource
2019-07-24 21:45:57,221 [Worker-710] INFO  o.e.m.c.i.embedder.EclipseLogger - Copying 0 resource
2019-07-24 21:45:57,222 [Worker-710] INFO  o.e.m.c.i.embedder.EclipseLogger - Using 'UTF-8' encoding to copy filtered resources.
2019-07-24 21:45:57,222 [Worker-710] INFO  o.e.m.c.i.embedder.EclipseLogger - skip non existing resourceDirectory G:\workSpace\basic-java\basicJava\src\test\resources
2019-07-24 21:47:04,897 [Worker-710] INFO  o.e.m.c.i.embedder.EclipseLogger - Using 'UTF-8' encoding to copy filtered resources.
2019-07-24 21:47:04,897 [Worker-710] INFO  o.e.m.c.i.embedder.EclipseLogger - Copying 1 resource
2019-07-24 21:47:04,898 [Worker-710] INFO  o.e.m.c.i.embedder.EclipseLogger - Copying 0 resource
2019-07-24 21:47:04,900 [Worker-710] INFO  o.e.m.c.i.embedder.EclipseLogger - Using 'UTF-8' encoding to copy filtered resources.
2019-07-24 21:47:04,900 [Worker-710] INFO  o.e.m.c.i.embedder.EclipseLogger - skip non existing resourceDirectory G:\workSpace\basic-java\basicJava\src\test\resources
2019-07-24 21:49:22,131 [Worker-710] INFO  o.e.m.c.i.embedder.EclipseLogger - Using 'UTF-8' encoding to copy filtered resources.
2019-07-24 21:49:22,132 [Worker-710] INFO  o.e.m.c.i.embedder.EclipseLogger - Copying 1 resource
2019-07-24 21:49:22,132 [Worker-710] INFO  o.e.m.c.i.embedder.EclipseLogger - Copying 0 resource
2019-07-24 21:49:22,136 [Worker-710] INFO  o.e.m.c.i.embedder.EclipseLogger - Using 'UTF-8' encoding to copy filtered resources.
2019-07-24 21:49:22,136 [Worker-710] INFO  o.e.m.c.i.embedder.EclipseLogger - skip non existing resourceDirectory G:\workSpace\basic-java\basicJava\src\test\resources
2019-07-24 21:50:25,904 [Worker-721] INFO  o.e.m.c.i.embedder.EclipseLogger - Using 'UTF-8' encoding to copy filtered resources.
2019-07-24 21:50:25,905 [Worker-721] INFO  o.e.m.c.i.embedder.EclipseLogger - Copying 1 resource
2019-07-24 21:50:25,905 [Worker-721] INFO  o.e.m.c.i.embedder.EclipseLogger - Copying 0 resource
2019-07-24 21:50:25,906 [Worker-721] INFO  o.e.m.c.i.embedder.EclipseLogger - Using 'UTF-8' encoding to copy filtered resources.
2019-07-24 21:50:25,906 [Worker-721] INFO  o.e.m.c.i.embedder.EclipseLogger - skip non existing resourceDirectory G:\workSpace\basic-java\basicJava\src\test\resources
2019-07-24 21:51:23,856 [Worker-716] INFO  o.e.m.c.i.embedder.EclipseLogger - Using 'UTF-8' encoding to copy filtered resources.
2019-07-24 21:51:23,856 [Worker-716] INFO  o.e.m.c.i.embedder.EclipseLogger - Copying 1 resource
2019-07-24 21:51:23,857 [Worker-716] INFO  o.e.m.c.i.embedder.EclipseLogger - Copying 0 resource
2019-07-24 21:51:23,858 [Worker-716] INFO  o.e.m.c.i.embedder.EclipseLogger - Using 'UTF-8' encoding to copy filtered resources.
2019-07-24 21:51:23,858 [Worker-716] INFO  o.e.m.c.i.embedder.EclipseLogger - skip non existing resourceDirectory G:\workSpace\basic-java\basicJava\src\test\resources
2019-07-24 21:53:15,233 [Worker-719] INFO  o.e.m.c.i.embedder.EclipseLogger - Using 'UTF-8' encoding to copy filtered resources.
2019-07-24 21:53:15,233 [Worker-719] INFO  o.e.m.c.i.embedder.EclipseLogger - Copying 1 resource
2019-07-24 21:53:15,234 [Worker-719] INFO  o.e.m.c.i.embedder.EclipseLogger - Copying 0 resource
2019-07-24 21:53:15,236 [Worker-719] INFO  o.e.m.c.i.embedder.EclipseLogger - Using 'UTF-8' encoding to copy filtered resources.
2019-07-24 21:53:15,236 [Worker-719] INFO  o.e.m.c.i.embedder.EclipseLogger - skip non existing resourceDirectory G:\workSpace\basic-java\basicJava\src\test\resources
2019-07-24 21:55:02,681 [Worker-722] INFO  o.e.m.c.i.embedder.EclipseLogger - Using 'UTF-8' encoding to copy filtered resources.
2019-07-24 21:55:02,681 [Worker-722] INFO  o.e.m.c.i.embedder.EclipseLogger - Copying 1 resource
2019-07-24 21:55:02,682 [Worker-722] INFO  o.e.m.c.i.embedder.EclipseLogger - Copying 0 resource
2019-07-24 21:55:02,684 [Worker-722] INFO  o.e.m.c.i.embedder.EclipseLogger - Using 'UTF-8' encoding to copy filtered resources.
2019-07-24 21:55:02,684 [Worker-722] INFO  o.e.m.c.i.embedder.EclipseLogger - skip non existing resourceDirectory G:\workSpace\basic-java\basicJava\src\test\resources
2019-07-24 21:55:59,439 [Worker-716] INFO  o.e.m.c.i.embedder.EclipseLogger - Using 'UTF-8' encoding to copy filtered resources.
2019-07-24 21:55:59,440 [Worker-716] INFO  o.e.m.c.i.embedder.EclipseLogger - Copying 1 resource
2019-07-24 21:55:59,441 [Worker-716] INFO  o.e.m.c.i.embedder.EclipseLogger - Copying 0 resource
2019-07-24 21:55:59,442 [Worker-716] INFO  o.e.m.c.i.embedder.EclipseLogger - Using 'UTF-8' encoding to copy filtered resources.
2019-07-24 21:55:59,442 [Worker-716] INFO  o.e.m.c.i.embedder.EclipseLogger - skip non existing resourceDirectory G:\workSpace\basic-java\basicJava\src\test\resources
2019-07-24 21:56:09,392 [Worker-706] INFO  o.e.m.c.i.embedder.EclipseLogger - Using 'UTF-8' encoding to copy filtered resources.
2019-07-24 21:56:09,393 [Worker-706] INFO  o.e.m.c.i.embedder.EclipseLogger - Copying 1 resource
2019-07-24 21:56:09,393 [Worker-706] INFO  o.e.m.c.i.embedder.EclipseLogger - Copying 0 resource
2019-07-24 21:56:09,394 [Worker-706] INFO  o.e.m.c.i.embedder.EclipseLogger - Using 'UTF-8' encoding to copy filtered resources.
2019-07-24 21:56:09,394 [Worker-706] INFO  o.e.m.c.i.embedder.EclipseLogger - skip non existing resourceDirectory G:\workSpace\basic-java\basicJava\src\test\resources
2019-07-24 21:56:13,667 [Worker-722] INFO  o.e.m.c.i.embedder.EclipseLogger - Using 'UTF-8' encoding to copy filtered resources.
2019-07-24 21:56:13,668 [Worker-722] INFO  o.e.m.c.i.embedder.EclipseLogger - Copying 1 resource
2019-07-24 21:56:13,668 [Worker-722] INFO  o.e.m.c.i.embedder.EclipseLogger - Copying 0 resource
2019-07-24 21:56:13,669 [Worker-722] INFO  o.e.m.c.i.embedder.EclipseLogger - Using 'UTF-8' encoding to copy filtered resources.
2019-07-24 21:56:13,669 [Worker-722] INFO  o.e.m.c.i.embedder.EclipseLogger - skip non existing resourceDirectory G:\workSpace\basic-java\basicJava\src\test\resources
2019-07-24 21:56:31,246 [Worker-718] INFO  o.e.m.c.i.embedder.EclipseLogger - Using 'UTF-8' encoding to copy filtered resources.
2019-07-24 21:56:31,247 [Worker-718] INFO  o.e.m.c.i.embedder.EclipseLogger - Copying 1 resource
2019-07-24 21:56:31,247 [Worker-718] INFO  o.e.m.c.i.embedder.EclipseLogger - Copying 0 resource
2019-07-24 21:56:31,249 [Worker-718] INFO  o.e.m.c.i.embedder.EclipseLogger - Using 'UTF-8' encoding to copy filtered resources.
2019-07-24 21:56:31,249 [Worker-718] INFO  o.e.m.c.i.embedder.EclipseLogger - skip non existing resourceDirectory G:\workSpace\basic-java\basicJava\src\test\resources
2019-07-24 21:57:03,846 [Worker-719] INFO  o.e.m.c.i.embedder.EclipseLogger - Using 'UTF-8' encoding to copy filtered resources.
2019-07-24 21:57:03,846 [Worker-719] INFO  o.e.m.c.i.embedder.EclipseLogger - Copying 1 resource
2019-07-24 21:57:03,847 [Worker-719] INFO  o.e.m.c.i.embedder.EclipseLogger - Copying 0 resource
2019-07-24 21:57:03,847 [Worker-719] INFO  o.e.m.c.i.embedder.EclipseLogger - Using 'UTF-8' encoding to copy filtered resources.
2019-07-24 21:57:03,847 [Worker-719] INFO  o.e.m.c.i.embedder.EclipseLogger - skip non existing resourceDirectory G:\workSpace\basic-java\basicJava\src\test\resources
2019-07-24 21:58:34,461 [Worker-706] INFO  o.e.m.c.i.embedder.EclipseLogger - Using 'UTF-8' encoding to copy filtered resources.
2019-07-24 21:58:34,461 [Worker-706] INFO  o.e.m.c.i.embedder.EclipseLogger - Copying 1 resource
2019-07-24 21:58:34,462 [Worker-706] INFO  o.e.m.c.i.embedder.EclipseLogger - Copying 0 resource
2019-07-24 21:58:34,463 [Worker-706] INFO  o.e.m.c.i.embedder.EclipseLogger - Using 'UTF-8' encoding to copy filtered resources.
2019-07-24 21:58:34,463 [Worker-706] INFO  o.e.m.c.i.embedder.EclipseLogger - skip non existing resourceDirectory G:\workSpace\basic-java\basicJava\src\test\resources
2019-07-24 21:58:44,508 [Worker-718] INFO  o.e.m.c.i.embedder.EclipseLogger - Using 'UTF-8' encoding to copy filtered resources.
2019-07-24 21:58:44,509 [Worker-718] INFO  o.e.m.c.i.embedder.EclipseLogger - Copying 1 resource
2019-07-24 21:58:44,509 [Worker-718] INFO  o.e.m.c.i.embedder.EclipseLogger - Copying 0 resource
2019-07-24 21:58:44,510 [Worker-718] INFO  o.e.m.c.i.embedder.EclipseLogger - Using 'UTF-8' encoding to copy filtered resources.
2019-07-24 21:58:44,510 [Worker-718] INFO  o.e.m.c.i.embedder.EclipseLogger - skip non existing resourceDirectory G:\workSpace\basic-java\basicJava\src\test\resources
2019-07-24 22:00:45,880 [Worker-719] INFO  o.e.m.c.i.embedder.EclipseLogger - Using 'UTF-8' encoding to copy filtered resources.
2019-07-24 22:00:45,881 [Worker-719] INFO  o.e.m.c.i.embedder.EclipseLogger - Copying 1 resource
2019-07-24 22:00:45,882 [Worker-719] INFO  o.e.m.c.i.embedder.EclipseLogger - Copying 0 resource
2019-07-24 22:00:45,883 [Worker-719] INFO  o.e.m.c.i.embedder.EclipseLogger - Using 'UTF-8' encoding to copy filtered resources.
2019-07-24 22:00:45,883 [Worker-719] INFO  o.e.m.c.i.embedder.EclipseLogger - skip non existing resourceDirectory G:\workSpace\basic-java\basicJava\src\test\resources
2019-07-24 22:06:53,707 [Worker-728] INFO  o.e.m.c.i.embedder.EclipseLogger - Using 'UTF-8' encoding to copy filtered resources.
2019-07-24 22:06:53,708 [Worker-728] INFO  o.e.m.c.i.embedder.EclipseLogger - Copying 1 resource
2019-07-24 22:06:53,708 [Worker-728] INFO  o.e.m.c.i.embedder.EclipseLogger - Copying 0 resource
2019-07-24 22:06:53,709 [Worker-728] INFO  o.e.m.c.i.embedder.EclipseLogger - Using 'UTF-8' encoding to copy filtered resources.
2019-07-24 22:06:53,709 [Worker-728] INFO  o.e.m.c.i.embedder.EclipseLogger - skip non existing resourceDirectory G:\workSpace\basic-java\basicJava\src\test\resources
2019-07-24 22:08:09,776 [Worker-729] INFO  o.e.m.c.i.embedder.EclipseLogger - Using 'UTF-8' encoding to copy filtered resources.
2019-07-24 22:08:09,776 [Worker-729] INFO  o.e.m.c.i.embedder.EclipseLogger - Copying 1 resource
2019-07-24 22:08:09,777 [Worker-729] INFO  o.e.m.c.i.embedder.EclipseLogger - Copying 0 resource
2019-07-24 22:08:09,779 [Worker-729] INFO  o.e.m.c.i.embedder.EclipseLogger - Using 'UTF-8' encoding to copy filtered resources.
2019-07-24 22:08:09,779 [Worker-729] INFO  o.e.m.c.i.embedder.EclipseLogger - skip non existing resourceDirectory G:\workSpace\basic-java\basicJava\src\test\resources
2019-07-24 22:08:21,525 [Worker-722] INFO  o.e.m.c.i.embedder.EclipseLogger - Using 'UTF-8' encoding to copy filtered resources.
2019-07-24 22:08:21,525 [Worker-722] INFO  o.e.m.c.i.embedder.EclipseLogger - Copying 1 resource
2019-07-24 22:08:21,526 [Worker-722] INFO  o.e.m.c.i.embedder.EclipseLogger - Copying 0 resource
2019-07-24 22:08:21,527 [Worker-722] INFO  o.e.m.c.i.embedder.EclipseLogger - Using 'UTF-8' encoding to copy filtered resources.
2019-07-24 22:08:21,527 [Worker-722] INFO  o.e.m.c.i.embedder.EclipseLogger - skip non existing resourceDirectory G:\workSpace\basic-java\basicJava\src\test\resources
2019-07-24 22:08:27,045 [Worker-731] INFO  o.e.m.c.i.embedder.EclipseLogger - Using 'UTF-8' encoding to copy filtered resources.
2019-07-24 22:08:27,045 [Worker-731] INFO  o.e.m.c.i.embedder.EclipseLogger - Copying 1 resource
2019-07-24 22:08:27,046 [Worker-731] INFO  o.e.m.c.i.embedder.EclipseLogger - Copying 0 resource
2019-07-24 22:08:27,047 [Worker-731] INFO  o.e.m.c.i.embedder.EclipseLogger - Using 'UTF-8' encoding to copy filtered resources.
2019-07-24 22:08:27,047 [Worker-731] INFO  o.e.m.c.i.embedder.EclipseLogger - skip non existing resourceDirectory G:\workSpace\basic-java\basicJava\src\test\resources
2019-07-24 22:08:46,121 [Worker-727] INFO  o.e.m.c.i.embedder.EclipseLogger - Using 'UTF-8' encoding to copy filtered resources.
2019-07-24 22:08:46,122 [Worker-727] INFO  o.e.m.c.i.embedder.EclipseLogger - Copying 1 resource
2019-07-24 22:08:46,123 [Worker-727] INFO  o.e.m.c.i.embedder.EclipseLogger - Copying 0 resource
2019-07-24 22:08:46,124 [Worker-727] INFO  o.e.m.c.i.embedder.EclipseLogger - Using 'UTF-8' encoding to copy filtered resources.
2019-07-24 22:08:46,124 [Worker-727] INFO  o.e.m.c.i.embedder.EclipseLogger - skip non existing resourceDirectory G:\workSpace\basic-java\basicJava\src\test\resources
2019-07-24 22:09:00,056 [Worker-716] INFO  o.e.m.c.i.embedder.EclipseLogger - Using 'UTF-8' encoding to copy filtered resources.
2019-07-24 22:09:00,056 [Worker-716] INFO  o.e.m.c.i.embedder.EclipseLogger - Copying 1 resource
2019-07-24 22:09:00,057 [Worker-716] INFO  o.e.m.c.i.embedder.EclipseLogger - Copying 0 resource
2019-07-24 22:09:00,058 [Worker-716] INFO  o.e.m.c.i.embedder.EclipseLogger - Using 'UTF-8' encoding to copy filtered resources.
2019-07-24 22:09:00,058 [Worker-716] INFO  o.e.m.c.i.embedder.EclipseLogger - skip non existing resourceDirectory G:\workSpace\basic-java\basicJava\src\test\resources
2019-07-24 22:09:08,177 [Worker-719] INFO  o.e.m.c.i.embedder.EclipseLogger - Using 'UTF-8' encoding to copy filtered resources.
2019-07-24 22:09:08,178 [Worker-719] INFO  o.e.m.c.i.embedder.EclipseLogger - Copying 1 resource
2019-07-24 22:09:08,178 [Worker-719] INFO  o.e.m.c.i.embedder.EclipseLogger - Copying 0 resource
2019-07-24 22:09:08,180 [Worker-719] INFO  o.e.m.c.i.embedder.EclipseLogger - Using 'UTF-8' encoding to copy filtered resources.
2019-07-24 22:09:08,180 [Worker-719] INFO  o.e.m.c.i.embedder.EclipseLogger - skip non existing resourceDirectory G:\workSpace\basic-java\basicJava\src\test\resources
2019-07-24 22:09:59,946 [Worker-725] INFO  o.e.m.c.i.embedder.EclipseLogger - Using 'UTF-8' encoding to copy filtered resources.
2019-07-24 22:09:59,947 [Worker-725] INFO  o.e.m.c.i.embedder.EclipseLogger - Copying 1 resource
2019-07-24 22:09:59,947 [Worker-725] INFO  o.e.m.c.i.embedder.EclipseLogger - Copying 0 resource
2019-07-24 22:09:59,948 [Worker-725] INFO  o.e.m.c.i.embedder.EclipseLogger - Using 'UTF-8' encoding to copy filtered resources.
2019-07-24 22:09:59,948 [Worker-725] INFO  o.e.m.c.i.embedder.EclipseLogger - skip non existing resourceDirectory G:\workSpace\basic-java\basicJava\src\test\resources
2019-07-24 22:10:13,224 [Worker-728] INFO  o.e.m.c.i.embedder.EclipseLogger - Using 'UTF-8' encoding to copy filtered resources.
2019-07-24 22:10:13,224 [Worker-728] INFO  o.e.m.c.i.embedder.EclipseLogger - Copying 1 resource
2019-07-24 22:10:13,225 [Worker-728] INFO  o.e.m.c.i.embedder.EclipseLogger - Copying 0 resource
2019-07-24 22:10:13,226 [Worker-728] INFO  o.e.m.c.i.embedder.EclipseLogger - Using 'UTF-8' encoding to copy filtered resources.
2019-07-24 22:10:13,226 [Worker-728] INFO  o.e.m.c.i.embedder.EclipseLogger - skip non existing resourceDirectory G:\workSpace\basic-java\basicJava\src\test\resources
2019-07-24 22:10:39,834 [Worker-731] INFO  o.e.m.c.i.embedder.EclipseLogger - Using 'UTF-8' encoding to copy filtered resources.
2019-07-24 22:10:39,834 [Worker-731] INFO  o.e.m.c.i.embedder.EclipseLogger - Copying 1 resource
2019-07-24 22:10:39,835 [Worker-731] INFO  o.e.m.c.i.embedder.EclipseLogger - Copying 0 resource
2019-07-24 22:10:39,836 [Worker-731] INFO  o.e.m.c.i.embedder.EclipseLogger - Using 'UTF-8' encoding to copy filtered resources.
2019-07-24 22:10:39,836 [Worker-731] INFO  o.e.m.c.i.embedder.EclipseLogger - skip non existing resourceDirectory G:\workSpace\basic-java\basicJava\src\test\resources
2019-07-24 22:11:12,636 [Worker-728] INFO  o.e.m.c.i.embedder.EclipseLogger - Using 'UTF-8' encoding to copy filtered resources.
2019-07-24 22:11:12,636 [Worker-728] INFO  o.e.m.c.i.embedder.EclipseLogger - Copying 1 resource
2019-07-24 22:11:12,637 [Worker-728] INFO  o.e.m.c.i.embedder.EclipseLogger - Copying 0 resource
2019-07-24 22:11:12,638 [Worker-728] INFO  o.e.m.c.i.embedder.EclipseLogger - Using 'UTF-8' encoding to copy filtered resources.
2019-07-24 22:11:12,638 [Worker-728] INFO  o.e.m.c.i.embedder.EclipseLogger - skip non existing resourceDirectory G:\workSpace\basic-java\basicJava\src\test\resources
2019-07-24 22:21:03,407 [Worker-733] INFO  o.e.m.c.i.embedder.EclipseLogger - Using 'UTF-8' encoding to copy filtered resources.
2019-07-24 22:21:03,407 [Worker-733] INFO  o.e.m.c.i.embedder.EclipseLogger - Copying 1 resource
2019-07-24 22:21:03,408 [Worker-733] INFO  o.e.m.c.i.embedder.EclipseLogger - Copying 0 resource
2019-07-24 22:21:03,409 [Worker-733] INFO  o.e.m.c.i.embedder.EclipseLogger - Using 'UTF-8' encoding to copy filtered resources.
2019-07-24 22:21:03,409 [Worker-733] INFO  o.e.m.c.i.embedder.EclipseLogger - skip non existing resourceDirectory G:\workSpace\basic-java\basicJava\src\test\resources
2019-07-24 22:46:21,770 [Worker-725] INFO  o.e.m.c.i.embedder.EclipseLogger - Using 'UTF-8' encoding to copy filtered resources.
2019-07-24 22:46:21,771 [Worker-725] INFO  o.e.m.c.i.embedder.EclipseLogger - Copying 1 resource
2019-07-24 22:46:21,772 [Worker-725] INFO  o.e.m.c.i.embedder.EclipseLogger - Copying 0 resource
2019-07-24 22:46:21,773 [Worker-725] INFO  o.e.m.c.i.embedder.EclipseLogger - Using 'UTF-8' encoding to copy filtered resources.
2019-07-24 22:46:21,773 [Worker-725] INFO  o.e.m.c.i.embedder.EclipseLogger - skip non existing resourceDirectory G:\workSpace\basic-java\basicJava\src\test\resources
2019-07-24 22:46:49,537 [Worker-745] INFO  o.e.m.c.i.embedder.EclipseLogger - Using 'UTF-8' encoding to copy filtered resources.
2019-07-24 22:46:49,538 [Worker-745] INFO  o.e.m.c.i.embedder.EclipseLogger - Copying 1 resource
2019-07-24 22:46:49,538 [Worker-745] INFO  o.e.m.c.i.embedder.EclipseLogger - Copying 0 resource
2019-07-24 22:46:49,540 [Worker-745] INFO  o.e.m.c.i.embedder.EclipseLogger - Using 'UTF-8' encoding to copy filtered resources.
2019-07-24 22:46:49,540 [Worker-745] INFO  o.e.m.c.i.embedder.EclipseLogger - skip non existing resourceDirectory G:\workSpace\basic-java\basicJava\src\test\resources
2019-07-24 22:48:30,462 [Worker-745] INFO  o.e.m.c.i.embedder.EclipseLogger - Using 'UTF-8' encoding to copy filtered resources.
2019-07-24 22:48:30,462 [Worker-745] INFO  o.e.m.c.i.embedder.EclipseLogger - Copying 1 resource
2019-07-24 22:48:30,463 [Worker-745] INFO  o.e.m.c.i.embedder.EclipseLogger - Copying 0 resource
2019-07-24 22:48:30,464 [Worker-745] INFO  o.e.m.c.i.embedder.EclipseLogger - Using 'UTF-8' encoding to copy filtered resources.
2019-07-24 22:48:30,464 [Worker-745] INFO  o.e.m.c.i.embedder.EclipseLogger - skip non existing resourceDirectory G:\workSpace\basic-java\basicJava\src\test\resources
2019-07-24 22:49:15,432 [Worker-746] INFO  o.e.m.c.i.embedder.EclipseLogger - Using 'UTF-8' encoding to copy filtered resources.
2019-07-24 22:49:15,433 [Worker-746] INFO  o.e.m.c.i.embedder.EclipseLogger - Copying 1 resource
2019-07-24 22:49:15,434 [Worker-746] INFO  o.e.m.c.i.embedder.EclipseLogger - Copying 0 resource
2019-07-24 22:49:15,435 [Worker-746] INFO  o.e.m.c.i.embedder.EclipseLogger - Using 'UTF-8' encoding to copy filtered resources.
2019-07-24 22:49:15,436 [Worker-746] INFO  o.e.m.c.i.embedder.EclipseLogger - skip non existing resourceDirectory G:\workSpace\basic-java\basicJava\src\test\resources
2019-07-24 22:50:04,929 [Worker-745] INFO  o.e.m.c.i.embedder.EclipseLogger - Using 'UTF-8' encoding to copy filtered resources.
2019-07-24 22:50:04,930 [Worker-745] INFO  o.e.m.c.i.embedder.EclipseLogger - Copying 1 resource
2019-07-24 22:50:04,931 [Worker-745] INFO  o.e.m.c.i.embedder.EclipseLogger - Copying 0 resource
2019-07-24 22:50:04,932 [Worker-745] INFO  o.e.m.c.i.embedder.EclipseLogger - Using 'UTF-8' encoding to copy filtered resources.
2019-07-24 22:50:04,932 [Worker-745] INFO  o.e.m.c.i.embedder.EclipseLogger - skip non existing resourceDirectory G:\workSpace\basic-java\basicJava\src\test\resources
2019-07-24 22:51:46,664 [Worker-745] INFO  o.e.m.c.i.embedder.EclipseLogger - Using 'UTF-8' encoding to copy filtered resources.
2019-07-24 22:51:46,664 [Worker-745] INFO  o.e.m.c.i.embedder.EclipseLogger - Copying 1 resource
2019-07-24 22:51:46,665 [Worker-745] INFO  o.e.m.c.i.embedder.EclipseLogger - Copying 0 resource
2019-07-24 22:51:46,666 [Worker-745] INFO  o.e.m.c.i.embedder.EclipseLogger - Using 'UTF-8' encoding to copy filtered resources.
2019-07-24 22:51:46,666 [Worker-745] INFO  o.e.m.c.i.embedder.EclipseLogger - skip non existing resourceDirectory G:\workSpace\basic-java\basicJava\src\test\resources
2019-07-24 22:52:21,178 [Worker-742] INFO  o.e.m.c.i.embedder.EclipseLogger - Using 'UTF-8' encoding to copy filtered resources.
2019-07-24 22:52:21,178 [Worker-742] INFO  o.e.m.c.i.embedder.EclipseLogger - Copying 1 resource
2019-07-24 22:52:21,178 [Worker-742] INFO  o.e.m.c.i.embedder.EclipseLogger - Copying 0 resource
2019-07-24 22:52:21,179 [Worker-742] INFO  o.e.m.c.i.embedder.EclipseLogger - Using 'UTF-8' encoding to copy filtered resources.
2019-07-24 22:52:21,179 [Worker-742] INFO  o.e.m.c.i.embedder.EclipseLogger - skip non existing resourceDirectory G:\workSpace\basic-java\basicJava\src\test\resources
2019-07-24 22:52:32,459 [Worker-745] INFO  o.e.m.c.i.embedder.EclipseLogger - Using 'UTF-8' encoding to copy filtered resources.
2019-07-24 22:52:32,459 [Worker-745] INFO  o.e.m.c.i.embedder.EclipseLogger - Copying 1 resource
2019-07-24 22:52:32,460 [Worker-745] INFO  o.e.m.c.i.embedder.EclipseLogger - Copying 0 resource
2019-07-24 22:52:32,461 [Worker-745] INFO  o.e.m.c.i.embedder.EclipseLogger - Using 'UTF-8' encoding to copy filtered resources.
2019-07-24 22:52:32,461 [Worker-745] INFO  o.e.m.c.i.embedder.EclipseLogger - skip non existing resourceDirectory G:\workSpace\basic-java\basicJava\src\test\resources
2019-07-24 22:55:03,683 [Worker-747] INFO  o.e.m.c.i.embedder.EclipseLogger - Using 'UTF-8' encoding to copy filtered resources.
2019-07-24 22:55:03,684 [Worker-747] INFO  o.e.m.c.i.embedder.EclipseLogger - Copying 1 resource
2019-07-24 22:55:03,685 [Worker-747] INFO  o.e.m.c.i.embedder.EclipseLogger - Copying 0 resource
2019-07-24 22:55:03,686 [Worker-747] INFO  o.e.m.c.i.embedder.EclipseLogger - Using 'UTF-8' encoding to copy filtered resources.
2019-07-24 22:55:03,686 [Worker-747] INFO  o.e.m.c.i.embedder.EclipseLogger - skip non existing resourceDirectory G:\workSpace\basic-java\basicJava\src\test\resources
2019-07-24 22:55:06,008 [Worker-747] INFO  o.e.m.c.i.embedder.EclipseLogger - Using 'UTF-8' encoding to copy filtered resources.
2019-07-24 22:55:06,009 [Worker-747] INFO  o.e.m.c.i.embedder.EclipseLogger - Copying 1 resource
2019-07-24 22:55:06,010 [Worker-747] INFO  o.e.m.c.i.embedder.EclipseLogger - Copying 0 resource
2019-07-24 22:55:06,011 [Worker-747] INFO  o.e.m.c.i.embedder.EclipseLogger - Using 'UTF-8' encoding to copy filtered resources.
2019-07-24 22:55:06,011 [Worker-747] INFO  o.e.m.c.i.embedder.EclipseLogger - skip non existing resourceDirectory G:\workSpace\basic-java\basicJava\src\test\resources
2019-07-24 22:55:13,447 [Worker-746] INFO  o.e.m.c.i.embedder.EclipseLogger - Using 'UTF-8' encoding to copy filtered resources.
2019-07-24 22:55:13,447 [Worker-746] INFO  o.e.m.c.i.embedder.EclipseLogger - Copying 1 resource
2019-07-24 22:55:13,448 [Worker-746] INFO  o.e.m.c.i.embedder.EclipseLogger - Copying 0 resource
2019-07-24 22:55:13,449 [Worker-746] INFO  o.e.m.c.i.embedder.EclipseLogger - Using 'UTF-8' encoding to copy filtered resources.
2019-07-24 22:55:13,449 [Worker-746] INFO  o.e.m.c.i.embedder.EclipseLogger - skip non existing resourceDirectory G:\workSpace\basic-java\basicJava\src\test\resources
2019-07-24 22:56:05,934 [Worker-742] INFO  o.e.m.c.i.embedder.EclipseLogger - Using 'UTF-8' encoding to copy filtered resources.
2019-07-24 22:56:05,935 [Worker-742] INFO  o.e.m.c.i.embedder.EclipseLogger - Copying 1 resource
2019-07-24 22:56:05,936 [Worker-742] INFO  o.e.m.c.i.embedder.EclipseLogger - Copying 0 resource
2019-07-24 22:56:05,937 [Worker-742] INFO  o.e.m.c.i.embedder.EclipseLogger - Using 'UTF-8' encoding to copy filtered resources.
2019-07-24 22:56:05,937 [Worker-742] INFO  o.e.m.c.i.embedder.EclipseLogger - skip non existing resourceDirectory G:\workSpace\basic-java\basicJava\src\test\resources
2019-07-24 22:56:17,779 [Worker-734] INFO  o.e.m.c.i.embedder.EclipseLogger - Using 'UTF-8' encoding to copy filtered resources.
2019-07-24 22:56:17,780 [Worker-734] INFO  o.e.m.c.i.embedder.EclipseLogger - Copying 1 resource
2019-07-24 22:56:17,781 [Worker-734] INFO  o.e.m.c.i.embedder.EclipseLogger - Copying 0 resource
2019-07-24 22:56:17,782 [Worker-734] INFO  o.e.m.c.i.embedder.EclipseLogger - Using 'UTF-8' encoding to copy filtered resources.
2019-07-24 22:56:17,782 [Worker-734] INFO  o.e.m.c.i.embedder.EclipseLogger - skip non existing resourceDirectory G:\workSpace\basic-java\basicJava\src\test\resources
2019-07-24 22:56:58,887 [Worker-745] INFO  o.e.m.c.i.embedder.EclipseLogger - Using 'UTF-8' encoding to copy filtered resources.
2019-07-24 22:56:58,887 [Worker-745] INFO  o.e.m.c.i.embedder.EclipseLogger - Copying 1 resource
2019-07-24 22:56:58,888 [Worker-745] INFO  o.e.m.c.i.embedder.EclipseLogger - Copying 0 resource
2019-07-24 22:56:58,889 [Worker-745] INFO  o.e.m.c.i.embedder.EclipseLogger - Using 'UTF-8' encoding to copy filtered resources.
2019-07-24 22:56:58,889 [Worker-745] INFO  o.e.m.c.i.embedder.EclipseLogger - skip non existing resourceDirectory G:\workSpace\basic-java\basicJava\src\test\resources
2019-07-24 22:57:51,333 [Worker-734] INFO  o.e.m.c.i.embedder.EclipseLogger - Using 'UTF-8' encoding to copy filtered resources.
2019-07-24 22:57:51,334 [Worker-734] INFO  o.e.m.c.i.embedder.EclipseLogger - Copying 1 resource
2019-07-24 22:57:51,334 [Worker-734] INFO  o.e.m.c.i.embedder.EclipseLogger - Copying 0 resource
2019-07-24 22:57:51,335 [Worker-734] INFO  o.e.m.c.i.embedder.EclipseLogger - Using 'UTF-8' encoding to copy filtered resources.
2019-07-24 22:57:51,335 [Worker-734] INFO  o.e.m.c.i.embedder.EclipseLogger - skip non existing resourceDirectory G:\workSpace\basic-java\basicJava\src\test\resources
2019-07-24 22:58:14,296 [Worker-746] INFO  o.e.m.c.i.embedder.EclipseLogger - Using 'UTF-8' encoding to copy filtered resources.
2019-07-24 22:58:14,296 [Worker-746] INFO  o.e.m.c.i.embedder.EclipseLogger - Copying 1 resource
2019-07-24 22:58:14,297 [Worker-746] INFO  o.e.m.c.i.embedder.EclipseLogger - Copying 0 resource
2019-07-24 22:58:14,299 [Worker-746] INFO  o.e.m.c.i.embedder.EclipseLogger - Using 'UTF-8' encoding to copy filtered resources.
2019-07-24 22:58:14,299 [Worker-746] INFO  o.e.m.c.i.embedder.EclipseLogger - skip non existing resourceDirectory G:\workSpace\basic-java\basicJava\src\test\resources
2019-07-24 23:21:21,876 [Worker-750] INFO  o.e.m.c.i.embedder.EclipseLogger - Using 'UTF-8' encoding to copy filtered resources.
2019-07-24 23:21:21,876 [Worker-750] INFO  o.e.m.c.i.embedder.EclipseLogger - Copying 1 resource
2019-07-24 23:21:21,878 [Worker-750] INFO  o.e.m.c.i.embedder.EclipseLogger - Copying 0 resource
2019-07-24 23:21:21,878 [Worker-750] INFO  o.e.m.c.i.embedder.EclipseLogger - Using 'UTF-8' encoding to copy filtered resources.
2019-07-24 23:21:21,878 [Worker-750] INFO  o.e.m.c.i.embedder.EclipseLogger - skip non existing resourceDirectory G:\workSpace\basic-java\basicJava\src\test\resources
2019-07-24 23:21:34,843 [Worker-746] INFO  o.e.m.c.i.embedder.EclipseLogger - Using 'UTF-8' encoding to copy filtered resources.
2019-07-24 23:21:34,843 [Worker-746] INFO  o.e.m.c.i.embedder.EclipseLogger - Copying 1 resource
2019-07-24 23:21:34,844 [Worker-746] INFO  o.e.m.c.i.embedder.EclipseLogger - Copying 0 resource
2019-07-24 23:21:34,845 [Worker-746] INFO  o.e.m.c.i.embedder.EclipseLogger - Using 'UTF-8' encoding to copy filtered resources.
2019-07-24 23:21:34,846 [Worker-746] INFO  o.e.m.c.i.embedder.EclipseLogger - skip non existing resourceDirectory G:\workSpace\basic-java\basicJava\src\test\resources
2019-07-24 23:21:47,756 [Worker-749] INFO  o.e.m.c.i.embedder.EclipseLogger - Using 'UTF-8' encoding to copy filtered resources.
2019-07-24 23:21:47,756 [Worker-749] INFO  o.e.m.c.i.embedder.EclipseLogger - Copying 1 resource
2019-07-24 23:21:47,757 [Worker-749] INFO  o.e.m.c.i.embedder.EclipseLogger - Copying 0 resource
2019-07-24 23:21:47,758 [Worker-749] INFO  o.e.m.c.i.embedder.EclipseLogger - Using 'UTF-8' encoding to copy filtered resources.
2019-07-24 23:21:47,758 [Worker-749] INFO  o.e.m.c.i.embedder.EclipseLogger - skip non existing resourceDirectory G:\workSpace\basic-java\basicJava\src\test\resources
2019-07-24 23:22:43,990 [Worker-748] INFO  o.e.m.c.i.embedder.EclipseLogger - Using 'UTF-8' encoding to copy filtered resources.
2019-07-24 23:22:43,990 [Worker-748] INFO  o.e.m.c.i.embedder.EclipseLogger - Copying 1 resource
2019-07-24 23:22:43,991 [Worker-748] INFO  o.e.m.c.i.embedder.EclipseLogger - Copying 0 resource
2019-07-24 23:22:43,992 [Worker-748] INFO  o.e.m.c.i.embedder.EclipseLogger - Using 'UTF-8' encoding to copy filtered resources.
2019-07-24 23:22:43,992 [Worker-748] INFO  o.e.m.c.i.embedder.EclipseLogger - skip non existing resourceDirectory G:\workSpace\basic-java\basicJava\src\test\resources
2019-07-24 23:23:32,536 [Worker-754] INFO  o.e.m.c.i.embedder.EclipseLogger - Using 'UTF-8' encoding to copy filtered resources.
2019-07-24 23:23:32,537 [Worker-754] INFO  o.e.m.c.i.embedder.EclipseLogger - Copying 1 resource
2019-07-24 23:23:32,537 [Worker-754] INFO  o.e.m.c.i.embedder.EclipseLogger - Copying 0 resource
2019-07-24 23:23:32,538 [Worker-754] INFO  o.e.m.c.i.embedder.EclipseLogger - Using 'UTF-8' encoding to copy filtered resources.
2019-07-24 23:23:32,538 [Worker-754] INFO  o.e.m.c.i.embedder.EclipseLogger - skip non existing resourceDirectory G:\workSpace\basic-java\basicJava\src\test\resources
2019-07-24 23:23:53,465 [Worker-752] INFO  o.e.m.c.i.embedder.EclipseLogger - Using 'UTF-8' encoding to copy filtered resources.
2019-07-24 23:23:53,466 [Worker-752] INFO  o.e.m.c.i.embedder.EclipseLogger - Copying 1 resource
2019-07-24 23:23:53,466 [Worker-752] INFO  o.e.m.c.i.embedder.EclipseLogger - Copying 0 resource
2019-07-24 23:23:53,467 [Worker-752] INFO  o.e.m.c.i.embedder.EclipseLogger - Using 'UTF-8' encoding to copy filtered resources.
2019-07-24 23:23:53,467 [Worker-752] INFO  o.e.m.c.i.embedder.EclipseLogger - skip non existing resourceDirectory G:\workSpace\basic-java\basicJava\src\test\resources
2019-07-24 23:26:46,044 [Worker-746] INFO  o.e.m.c.i.embedder.EclipseLogger - Using 'UTF-8' encoding to copy filtered resources.
2019-07-24 23:26:46,045 [Worker-746] INFO  o.e.m.c.i.embedder.EclipseLogger - Copying 1 resource
2019-07-24 23:26:46,045 [Worker-746] INFO  o.e.m.c.i.embedder.EclipseLogger - Copying 0 resource
2019-07-24 23:26:46,046 [Worker-746] INFO  o.e.m.c.i.embedder.EclipseLogger - Using 'UTF-8' encoding to copy filtered resources.
2019-07-24 23:26:46,046 [Worker-746] INFO  o.e.m.c.i.embedder.EclipseLogger - skip non existing resourceDirectory G:\workSpace\basic-java\basicJava\src\test\resources
2019-07-24 23:27:04,318 [Worker-746] INFO  o.e.m.c.i.embedder.EclipseLogger - Using 'UTF-8' encoding to copy filtered resources.
2019-07-24 23:27:04,319 [Worker-746] INFO  o.e.m.c.i.embedder.EclipseLogger - Copying 1 resource
2019-07-24 23:27:04,321 [Worker-746] INFO  o.e.m.c.i.embedder.EclipseLogger - Copying 0 resource
2019-07-24 23:27:04,323 [Worker-746] INFO  o.e.m.c.i.embedder.EclipseLogger - Using 'UTF-8' encoding to copy filtered resources.
2019-07-24 23:27:04,323 [Worker-746] INFO  o.e.m.c.i.embedder.EclipseLogger - skip non existing resourceDirectory G:\workSpace\basic-java\basicJava\src\test\resources
2019-07-24 23:27:08,508 [Worker-755] INFO  o.e.m.c.i.embedder.EclipseLogger - Using 'UTF-8' encoding to copy filtered resources.
2019-07-24 23:27:08,509 [Worker-755] INFO  o.e.m.c.i.embedder.EclipseLogger - Copying 1 resource
2019-07-24 23:27:08,509 [Worker-755] INFO  o.e.m.c.i.embedder.EclipseLogger - Copying 0 resource
2019-07-24 23:27:08,510 [Worker-755] INFO  o.e.m.c.i.embedder.EclipseLogger - Using 'UTF-8' encoding to copy filtered resources.
2019-07-24 23:27:08,510 [Worker-755] INFO  o.e.m.c.i.embedder.EclipseLogger - skip non existing resourceDirectory G:\workSpace\basic-java\basicJava\src\test\resources
2019-07-24 23:27:33,595 [Worker-754] INFO  o.e.m.c.i.embedder.EclipseLogger - Using 'UTF-8' encoding to copy filtered resources.
2019-07-24 23:27:33,595 [Worker-754] INFO  o.e.m.c.i.embedder.EclipseLogger - Copying 1 resource
2019-07-24 23:27:33,596 [Worker-754] INFO  o.e.m.c.i.embedder.EclipseLogger - Copying 0 resource
2019-07-24 23:27:33,597 [Worker-754] INFO  o.e.m.c.i.embedder.EclipseLogger - Using 'UTF-8' encoding to copy filtered resources.
2019-07-24 23:27:33,597 [Worker-754] INFO  o.e.m.c.i.embedder.EclipseLogger - skip non existing resourceDirectory G:\workSpace\basic-java\basicJava\src\test\resources
2019-07-24 23:27:49,473 [Worker-749] INFO  o.e.m.c.i.embedder.EclipseLogger - Using 'UTF-8' encoding to copy filtered resources.
2019-07-24 23:27:49,473 [Worker-749] INFO  o.e.m.c.i.embedder.EclipseLogger - Copying 1 resource
2019-07-24 23:27:49,474 [Worker-749] INFO  o.e.m.c.i.embedder.EclipseLogger - Copying 0 resource
2019-07-24 23:27:49,475 [Worker-749] INFO  o.e.m.c.i.embedder.EclipseLogger - Using 'UTF-8' encoding to copy filtered resources.
2019-07-24 23:27:49,475 [Worker-749] INFO  o.e.m.c.i.embedder.EclipseLogger - skip non existing resourceDirectory G:\workSpace\basic-java\basicJava\src\test\resources
2019-07-24 23:28:33,095 [Worker-746] INFO  o.e.m.c.i.embedder.EclipseLogger - Using 'UTF-8' encoding to copy filtered resources.
2019-07-24 23:28:33,096 [Worker-746] INFO  o.e.m.c.i.embedder.EclipseLogger - Copying 1 resource
2019-07-24 23:28:33,097 [Worker-746] INFO  o.e.m.c.i.embedder.EclipseLogger - Copying 0 resource
2019-07-24 23:28:33,098 [Worker-746] INFO  o.e.m.c.i.embedder.EclipseLogger - Using 'UTF-8' encoding to copy filtered resources.
2019-07-24 23:28:33,098 [Worker-746] INFO  o.e.m.c.i.embedder.EclipseLogger - skip non existing resourceDirectory G:\workSpace\basic-java\basicJava\src\test\resources
2019-07-24 23:28:39,571 [Worker-748] INFO  o.e.m.c.i.embedder.EclipseLogger - Using 'UTF-8' encoding to copy filtered resources.
2019-07-24 23:28:39,572 [Worker-748] INFO  o.e.m.c.i.embedder.EclipseLogger - Copying 1 resource
2019-07-24 23:28:39,573 [Worker-748] INFO  o.e.m.c.i.embedder.EclipseLogger - Copying 0 resource
2019-07-24 23:28:39,574 [Worker-748] INFO  o.e.m.c.i.embedder.EclipseLogger - Using 'UTF-8' encoding to copy filtered resources.
2019-07-24 23:28:39,574 [Worker-748] INFO  o.e.m.c.i.embedder.EclipseLogger - skip non existing resourceDirectory G:\workSpace\basic-java\basicJava\src\test\resources
